##     time(fs)           T                  T-T0               U                  U-U0               E                  E-E0
       0.0000000000       0.2983836093       0.0000000000    -844.3403059535       0.0000000000    -844.0419223441       0.0000000000
       0.1000000000       0.3130425303       0.0146589209    -844.3449663106      -0.0046603571    -844.0319237803       0.0099985638
       0.2000000000       0.3369687853       0.0385851760    -844.3490841041      -0.0087781506    -844.0121153188       0.0298070254
       0.3000000000       0.3529944886       0.0546108793    -844.3525657933      -0.0122598399    -843.9995713047       0.0423510394
       0.4000000000       0.3531994519       0.0548158425    -844.3552592004      -0.0149532469    -844.0020597485       0.0398625956
       0.5000000000       0.3554104142       0.0570268049    -844.3572355374      -0.0169295839    -844.0018251232       0.0400972209
       0.6000000000       0.3438691132       0.0454855039    -844.3584079521      -0.0181019986    -844.0145388389       0.0273835053
       0.7000000000       0.3407246912       0.0423410819    -844.3589226927      -0.0186167392    -844.0181980014       0.0237243427
       0.8000000000       0.3286568208       0.0302732114    -844.3587951731      -0.0184892196    -844.0301383523       0.0117839918
       0.9000000000       0.3249899962       0.0266063869    -844.3579758124      -0.0176698589    -844.0329858161       0.0089365280
       1.0000000000       0.3112872859       0.0129036766    -844.3565659053      -0.0162599518    -844.0452786194      -0.0033562752
       1.1000000000       0.3229490301       0.0245654208    -844.3545233500      -0.0142173965    -844.0315743199       0.0103480242
       1.2000000000       0.3304234123       0.0320398030    -844.3517922029      -0.0114862494    -844.0213687906       0.0205535535
       1.3000000000       0.3228724820       0.0244888727    -844.3483971725      -0.0080912190    -844.0255246905       0.0163976536
       1.4000000000       0.3052787791       0.0068951698    -844.3445008971      -0.0041949436    -844.0392221180       0.0027002261
       1.5000000000       0.3074062398       0.0090226304    -844.3400312860       0.0002746674    -844.0326250463       0.0092972979
       1.6000000000       0.3057075454       0.0073239360    -844.3349614990       0.0053444545    -844.0292539537       0.0126683905
       1.7000000000       0.3017559551       0.0033723458    -844.3292178201       0.0110881334    -844.0274618650       0.0144604792
       1.8000000000       0.2968232598      -0.0015603495    -844.3230446375       0.0172613160    -844.0262213777       0.0157009665
       1.9000000000       0.2947351225      -0.0036484868    -844.3165370834       0.0237688700    -844.0218019609       0.0201203832
       2.0000000000       0.2887378047      -0.0096458047    -844.3097119122       0.0305940413    -844.0209741076       0.0209482366
       2.1000000000       0.2794919797      -0.0188916296    -844.3027008306       0.0376051228    -844.0232088509       0.0187134932
       2.2000000000       0.2739344113      -0.0244491981    -844.2953749599       0.0449309936    -844.0214405486       0.0204817955
       2.3000000000       0.2728959372      -0.0254876721    -844.2878892921       0.0524166614    -844.0149933549       0.0269289893
       2.4000000000       0.2526485016      -0.0457351077    -844.2801440075       0.0601619460    -844.0274955059       0.0144268382
       2.5000000000       0.2531675584      -0.0452160509    -844.2727552467       0.0675507068    -844.0195876883       0.0223346559
       2.6000000000       0.2498639127      -0.0485196967    -844.2652600441       0.0750459093    -844.0153961315       0.0265262127
       2.7000000000       0.2558765654      -0.0425070440    -844.2579068275       0.0823991259    -844.0020302622       0.0398920819
       2.8000000000       0.2485274123      -0.0498561970    -844.2508887057       0.0894172477    -844.0023612934       0.0395610507
       2.9000000000       0.2345228635      -0.0638607459    -844.2443088126       0.0959971408    -844.0097859491       0.0321363950
       3.0000000000       0.2402793409      -0.0581042684    -844.2381194034       0.1021865501    -843.9978400625       0.0440822817
       3.1000000000       0.2273568433      -0.0710267661    -844.2326140037       0.1076919498    -844.0052571604       0.0366651837
       3.2000000000       0.2246446738      -0.0737389356    -844.2277791723       0.1125267812    -844.0031344985       0.0387878456
       3.3000000000       0.2261801705      -0.0722034389    -844.2232813454       0.1170246081    -843.9971011749       0.0448211692
       3.4000000000       0.2211763366      -0.0772072727    -844.2194787687       0.1208271848    -843.9983024321       0.0436199120
       3.5000000000       0.2155425334      -0.0828410760    -844.2165762095       0.1237297440    -844.0010336761       0.0408886680
       3.6000000000       0.2087104451      -0.0896731643    -844.2150244105       0.1252815429    -844.0063139655       0.0356083787
       3.7000000000       0.2032440572      -0.0951395521    -844.2151067164       0.1251992371    -844.0118626592       0.0300596850
       3.8000000000       0.2029528149      -0.0954307944    -844.2161561297       0.1241498238    -844.0132033147       0.0287190294
       3.9000000000       0.2017224572      -0.0966611521    -844.2177573448       0.1225486087    -844.0160348876       0.0258874565
       4.0000000000       0.2097555747      -0.0886280347    -844.2200371733       0.1202687802    -844.0102815986       0.0316407455
       4.1000000000       0.2024881116      -0.0958954977    -844.2232767961       0.1170291574    -844.0207886845       0.0211336597
       4.2000000000       0.1976800797      -0.1007035297    -844.2269918059       0.1133141476    -844.0293117262       0.0126106179
       4.3000000000       0.2141034963      -0.0842801130    -844.2314489053       0.1088570482    -844.0173454090       0.0245769352
       4.4000000000       0.2226405464      -0.0757430629    -844.2365947980       0.1037111555    -844.0139542516       0.0279680925
       4.5000000000       0.2399349663      -0.0584486431    -844.2422764734       0.0980294800    -844.0023415072       0.0395808370
       4.6000000000       0.2519094731      -0.0464741362    -844.2481490012       0.0921569523    -843.9962395281       0.0456828161
       4.7000000000       0.2594774782      -0.0389061312    -844.2547293894       0.0855765641    -843.9952519113       0.0466704329
       4.8000000000       0.2705018776      -0.0278817318    -844.2619538218       0.0783521317    -843.9914519442       0.0504703999
       4.9000000000       0.2825103475      -0.0158732619    -844.2697369736       0.0705689799    -843.9872266261       0.0546957180
       5.0000000000       0.2786625138      -0.0197210956    -844.2778792184       0.0624267350    -843.9992167047       0.0427056395
       5.1000000000       0.2766405230      -0.0217430863    -844.2859072830       0.0543986705    -844.0092667600       0.0326555842
       5.2000000000       0.2951137041      -0.0032699053    -844.2939999429       0.0463060106    -843.9988862388       0.0430361053
       5.3000000000       0.3010025664       0.0026189570    -844.3020875709       0.0382183826    -844.0010850045       0.0408373396
       5.4000000000       0.3241408937       0.0257572843    -844.3101418722       0.0301640813    -843.9860009785       0.0559213656
       5.5000000000       0.3155217994       0.0171381901    -844.3178136319       0.0224923216    -844.0022918324       0.0396305117
       5.6000000000       0.3127167445       0.0143331351    -844.3252877943       0.0150181592    -844.0125710498       0.0293512943
       5.7000000000       0.3256216748       0.0272380654    -844.3326278853       0.0076780681    -844.0070062105       0.0349161336
       5.8000000000       0.3376935010       0.0393098917    -844.3394300954       0.0008758581    -844.0017365943       0.0401857498
       5.9000000000       0.3609171823       0.0625335730    -844.3459443881      -0.0056384346    -843.9850272058       0.0568951384
       6.0000000000       0.3648161912       0.0664325819    -844.3520098767      -0.0117039232    -843.9871936855       0.0547286587
       6.1000000000       0.3700934008       0.0717097915    -844.3572796458      -0.0169736924    -843.9871862450       0.0547360991
       6.2000000000       0.3732912020       0.0749075926    -844.3615973416      -0.0212913881    -843.9883061396       0.0536162045
       6.3000000000       0.3863345271       0.0879509177    -844.3651953261      -0.0248893726    -843.9788607990       0.0630615451
       6.4000000000       0.3870997441       0.0887161347    -844.3680639238      -0.0277579704    -843.9809641798       0.0609581644
       6.5000000000       0.3954786160       0.0970950067    -844.3701906150      -0.0298846615    -843.9747119990       0.0672103451
       6.6000000000       0.3838843791       0.0855007698    -844.3713669436      -0.0310609902    -843.9874825645       0.0544397796
       6.7000000000       0.3808610021       0.0824773927    -844.3717030817      -0.0313971282    -843.9908420796       0.0510802645
       6.8000000000       0.3704031399       0.0720195306    -844.3712606781      -0.0309547246    -844.0008575381       0.0410648060
       6.9000000000       0.3838201603       0.0854365510    -844.3700002771      -0.0296943237    -843.9861801168       0.0557422273
       7.0000000000       0.3863041209       0.0879205115    -844.3678978079      -0.0275918545    -843.9815936871       0.0603286571
       7.1000000000       0.3741775011       0.0757938918    -844.3651782911      -0.0248723376    -843.9910007899       0.0509215542
       7.2000000000       0.3663006121       0.0679170028    -844.3618813157      -0.0215753622    -843.9955807035       0.0463416406
       7.3000000000       0.3730698019       0.0746861926    -844.3579795005      -0.0176735470    -843.9849096986       0.0570126456
       7.4000000000       0.3738188926       0.0754352833    -844.3535851664      -0.0132792130    -843.9797662738       0.0621560703
       7.5000000000       0.3681189902       0.0697353808    -844.3487872953      -0.0084813419    -843.9806683052       0.0612540390
       7.6000000000       0.3601352923       0.0617516830    -844.3437364885      -0.0034305351    -843.9836011963       0.0583211479
       7.7000000000       0.3540722643       0.0556886550    -844.3385738404       0.0017321131    -843.9845015761       0.0574207680
       7.8000000000       0.3611031121       0.0627195027    -844.3332538179       0.0070521356    -843.9721507058       0.0697716383
       7.9000000000       0.3545999205       0.0562163112    -844.3280524005       0.0122535530    -843.9734524800       0.0684698641
       8.0000000000       0.3476533553       0.0492697460    -844.3231522937       0.0171536598    -843.9754989384       0.0664234058
       8.1000000000       0.3308321103       0.0324485010    -844.3188931109       0.0214128426    -843.9880610006       0.0538613436
       8.2000000000       0.3144101448       0.0160265355    -844.3153731399       0.0249328136    -844.0009629951       0.0409593490
       8.3000000000       0.3224916430       0.0241080337    -844.3124065785       0.0278993750    -843.9899149354       0.0520074087
       8.4000000000       0.3222140051       0.0238303958    -844.3100656663       0.0302402871    -843.9878516612       0.0540706829
       8.5000000000       0.3185236914       0.0201400821    -844.3085160123       0.0317899412    -843.9899923208       0.0519300233
       8.6000000000       0.3098496254       0.0114660161    -844.3078887862       0.0324171673    -843.9980391608       0.0438831834
       8.7000000000       0.3126618003       0.0142781909    -844.3082906306       0.0320153229    -843.9956288303       0.0462935138
       8.8000000000       0.3157271633       0.0173435540    -844.3099404537       0.0303654998    -843.9942132904       0.0477090538
       8.9000000000       0.3192533949       0.0208697856    -844.3124366248       0.0278693286    -843.9931832299       0.0487391142
       9.0000000000       0.3387936078       0.0404099984    -844.3157551395       0.0245508140    -843.9769615317       0.0649608124
       9.1000000000       0.3419720816       0.0435884723    -844.3199473773       0.0203585762    -843.9779752957       0.0639470485
       9.2000000000       0.3485265940       0.0501429847    -844.3247747797       0.0155311738    -843.9762481856       0.0656741585
       9.3000000000       0.3557600100       0.0573764006    -844.3307329201       0.0095730334    -843.9749729101       0.0669494340
       9.4000000000       0.3646110355       0.0662274261    -844.3375338700       0.0027720835    -843.9729228346       0.0689995096
       9.5000000000       0.3775167310       0.0791331216    -844.3446669787      -0.0043610253    -843.9671502478       0.0747720964
       9.6000000000       0.3779890598       0.0796054505    -844.3521993417      -0.0118933882    -843.9742102819       0.0677120622
       9.7000000000       0.3963052366       0.0979216273    -844.3605207782      -0.0202148247    -843.9642155416       0.0777068026
       9.8000000000       0.4085599898       0.1101763805    -844.3690718198      -0.0287658663    -843.9605118300       0.0814105141
       9.9000000000       0.4104017704       0.1120181611    -844.3775703589      -0.0372644055    -843.9671685885       0.0747537556
      10.0000000000       0.4199651589       0.1215815495    -844.3856266535      -0.0453207001    -843.9656614947       0.0762608495
