       0.0000000000    -850.0730079454    -846.1902964348    -845.9679748671    -844.3403059535    -844.3115855980    -844.2169667205
       0.1000000000    -850.0789666484    -846.1961000058    -845.9735959883    -844.3449663106    -844.3180972939    -844.2174081405
       0.2000000000    -850.0843606311    -846.2013140128    -845.9786564716    -844.3490841041    -844.3240350337    -844.2172854141
       0.3000000000    -850.0890411814    -846.2059331727    -845.9831243287    -844.3525657933    -844.3292578381    -844.2163913394
       0.4000000000    -850.0927134560    -846.2095998728    -845.9866973603    -844.3552592004    -844.3334014988    -844.2150565261
       0.5000000000    -850.0952913279    -846.2123693568    -845.9893822347    -844.3572355374    -844.3365090094    -844.2130570114
       0.6000000000    -850.0967248538    -846.2141887199    -845.9910997977    -844.3584079521    -844.3385139462    -844.2103975199
       0.7000000000    -850.0973015862    -846.2152039310    -845.9920360971    -844.3589226927    -844.3395557376    -844.2071263925
       0.8000000000    -850.0971044721    -846.2154390284    -845.9922283292    -844.3587951731    -844.3396459835    -844.2035995810
       0.9000000000    -850.0960747813    -846.2148501209    -845.9916183742    -844.3579758124    -844.3386411654    -844.1998545049
       1.0000000000    -850.0943144502    -846.2134927182    -845.9902857733    -844.3565659053    -844.3367467589    -844.1958685820
       1.1000000000    -850.0916612316    -846.2112026008    -845.9880739429    -844.3545233500    -844.3338066256    -844.1920464111
       1.2000000000    -850.0881248300    -846.2080341549    -845.9850467626    -844.3517922029    -844.3297844375    -844.1881873886
       1.3000000000    -850.0837652499    -846.2040687882    -845.9812579343    -844.3483971725    -844.3248351225    -844.1844353491
       1.4000000000    -850.0789167746    -846.1995804454    -845.9770023976    -844.3445008971    -844.3193278625    -844.1805912515
       1.5000000000    -850.0733669474    -846.1944446426    -845.9721379281    -844.3400312860    -844.3130739639    -844.1768116888
       1.6000000000    -850.0670570054    -846.1886009409    -845.9665959755    -844.3349614990    -844.3060475829    -844.1732529840
       1.7000000000    -850.0600413018    -846.1820483863    -845.9603776998    -844.3292178201    -844.2983283727    -844.1695776931
       1.8000000000    -850.0524998619    -846.1750020502    -845.9536708905    -844.3230446375    -844.2901734885    -844.1657994734
       1.9000000000    -850.0445369229    -846.1675950120    -845.9466303453    -844.3165370834    -844.2816201388    -844.1620029332
       2.0000000000    -850.0361929513    -846.1597231462    -845.9392111158    -844.3097119122    -844.2726108774    -844.1583019722
       2.1000000000    -850.0275381350    -846.1514982290    -845.9314837930    -844.3027008306    -844.2632628021    -844.1547973380
       2.2000000000    -850.0184491836    -846.1428961113    -845.9233963244    -844.2953749599    -844.2534897534    -844.1512810577
       2.3000000000    -850.0090990706    -846.1340695335    -845.9151253288    -844.2878892921    -844.2435196152    -844.1475656360
       2.4000000000    -849.9994519844    -846.1249611523    -845.9066299959    -844.2801440075    -844.2332867061    -844.1436340028
       2.5000000000    -849.9900900883    -846.1161746583    -845.8984582321    -844.2727552467    -844.2234220793    -844.1398479485
       2.6000000000    -849.9805003754    -846.1071084618    -845.8900665432    -844.2652600441    -844.2133255652    -844.1360510585
       2.7000000000    -849.9710194154    -846.0981313970    -845.8817817882    -844.2579068275    -844.2033715845    -844.1323219107
       2.8000000000    -849.9617500346    -846.0893781087    -845.8737235674    -844.2508887057    -844.1937501748    -844.1287204254
       2.9000000000    -849.9527903074    -846.0809349270    -845.8659955482    -844.2443088126    -844.1846918121    -844.1250552908
       3.0000000000    -849.9439343144    -846.0725437422    -845.8584291974    -844.2381194034    -844.1758785543    -844.1215384341
       3.1000000000    -849.9356706885    -846.0646494227    -845.8514014446    -844.2326140037    -844.1677270912    -844.1182195199
       3.2000000000    -849.9278511654    -846.0572086552    -845.8448531744    -844.2277791723    -844.1602628834    -844.1149963450
       3.3000000000    -849.9200815681    -846.0498526270    -845.8383978419    -844.2232813454    -844.1531452206    -844.1113744277
       3.4000000000    -849.9127536558    -846.0429057909    -845.8323939116    -844.2194787687    -844.1466667135    -844.1078066301
       3.5000000000    -849.9061849363    -846.0367515834    -845.8271433219    -844.2165762095    -844.1412126418    -844.1044163884
       3.6000000000    -849.9008018745    -846.0318897543    -845.8231467008    -844.2150244105    -844.1370752520    -844.1018093372
       3.7000000000    -849.8969606695    -846.0287598959    -845.8207941037    -844.2151067164    -844.1345984672    -844.1003929115
       3.8000000000    -849.8941661539    -846.0267473751    -845.8194678091    -844.2161561297    -844.1332299370    -844.0997249426
       3.9000000000    -849.8920523154    -846.0253711689    -845.8187794588    -844.2177573448    -844.1323586826    -844.0995027657
       4.0000000000    -849.8906206568    -846.0247255178    -845.8187608659    -844.2200371733    -844.1320384187    -844.0998454830
       4.1000000000    -849.8901701069    -846.0250685777    -845.8196867408    -844.2232767961    -844.1325262250    -844.1010679417
       4.2000000000    -849.8903112257    -846.0259175496    -845.8211446872    -844.2269918059    -844.1334596406    -844.1027649373
       4.3000000000    -849.8910807041    -846.0274340798    -845.8232162021    -844.2314489053    -844.1351033592    -844.1050477981
       4.4000000000    -849.8925951040    -846.0297077972    -845.8260331573    -844.2365947980    -844.1374241681    -844.1080547253
       4.5000000000    -849.8945595281    -846.0323915814    -845.8292642061    -844.2422764734    -844.1401068510    -844.1115659428
       4.6000000000    -849.8966303302    -846.0352083205    -845.8326499573    -844.2481490012    -844.1428980490    -844.1153374349
       4.7000000000    -849.8994170692    -846.0387689200    -845.8367926347    -844.2547293894    -844.1464233059    -844.1198501330
       4.8000000000    -849.9029157736    -846.0429761737    -845.8416094997    -844.2619538218    -844.1505674167    -844.1250583288
       4.9000000000    -849.9070975122    -846.0478611563    -845.8470417139    -844.2697369736    -844.1553980297    -844.1308814568
       5.0000000000    -849.9116751232    -846.0530188508    -845.8527826874    -844.2778792184    -844.1605831830    -844.1370054835
       5.1000000000    -849.9160124693    -846.0578597071    -845.8582465952    -844.2859072830    -844.1654722682    -844.1429071725
       5.2000000000    -849.9201995767    -846.0624963942    -845.8635728018    -844.2939999429    -844.1703120931    -844.1486271375
       5.3000000000    -849.9242961511    -846.0670157755    -845.8687894981    -844.3020875709    -844.1751078579    -844.1542053362
       5.4000000000    -849.9281528986    -846.0713714193    -845.8738592926    -844.3101418722    -844.1798065597    -844.1596050758
       5.5000000000    -849.9315162329    -846.0751968541    -845.8784278766    -844.3178136319    -844.1840483563    -844.1645032448
       5.6000000000    -849.9347173725    -846.0788737400    -845.8827863469    -844.3252877943    -844.1881602130    -844.1691760012
       5.7000000000    -849.9379893294    -846.0826252212    -845.8871422873    -844.3326278853    -844.1922643790    -844.1739090631
       5.8000000000    -849.9405410643    -846.0855991639    -845.8907963898    -844.3394300954    -844.1957504032    -844.1779071045
       5.9000000000    -849.9426338033    -846.0881043025    -845.8939827186    -844.3459443881    -844.1988377690    -844.1814090754
       6.0000000000    -849.9440952323    -846.0899967230    -845.8965371244    -844.3520098767    -844.2012768504    -844.1843824729
       6.1000000000    -849.9445609944    -846.0908654799    -845.8980462977    -844.3572796458    -844.2028222755    -844.1863823123
       6.2000000000    -849.9437430594    -846.0903625659    -845.8982450045    -844.3615973416    -844.2031861310    -844.1870324201
       6.3000000000    -849.9422310274    -846.0890802340    -845.8976477884    -844.3651953261    -844.2027910175    -844.1869951086
       6.4000000000    -849.9397835783    -846.0867917472    -845.8960717662    -844.3680639238    -844.2014460210    -844.1860905803
       6.5000000000    -849.9367283731    -846.0838585954    -845.8937570944    -844.3701906150    -844.1995337211    -844.1844605689
       6.6000000000    -849.9325429293    -846.0797839284    -845.8903709351    -844.3713669436    -844.1966828901    -844.1817482113
       6.7000000000    -849.9276187866    -846.0748709809    -845.8861788822    -844.3717030817    -844.1931678157    -844.1781500756
       6.8000000000    -849.9219834855    -846.0692108608    -845.8811884202    -844.3712606781    -844.1890434923    -844.1737005452
       6.9000000000    -849.9152570896    -846.0624957478    -845.8751643582    -844.3700002771    -844.1841124786    -844.1680766143
       7.0000000000    -849.9078528359    -846.0549913340    -845.8683428935    -844.3678978079    -844.1786210215    -844.1615042637
       7.1000000000    -849.8996705680    -846.0466770157    -845.8607085192    -844.3651782911    -844.1725397187    -844.1540486047
       7.2000000000    -849.8907446587    -846.0374948401    -845.8522385517    -844.3618813157    -844.1657747308    -844.1457901074
       7.3000000000    -849.8811087101    -846.0275141539    -845.8430227400    -844.3579795005    -844.1583393685    -844.1368099757
       7.4000000000    -849.8707470774    -846.0167871689    -845.8331051127    -844.3535851664    -844.1502693113    -844.1271039367
       7.5000000000    -849.8597521242    -846.0053164240    -845.8225219382    -844.3487872953    -844.1416415353    -844.1167080582
       7.6000000000    -849.8483503943    -845.9933830077    -845.8115162802    -844.3437364885    -844.1327283146    -844.1058264511
       7.7000000000    -849.8368312328    -845.9812754037    -845.8002794199    -844.3385738404    -844.1238375054    -844.0946937829
       7.8000000000    -849.8251927219    -845.9690418555    -845.7888453003    -844.3332538179    -844.1149115353    -844.0834335528
       7.9000000000    -849.8136113524    -845.9568211170    -845.7774296620    -844.3280524005    -844.1061628860    -844.0722296798
       8.0000000000    -849.8025233869    -845.9450324599    -845.7663892268    -844.3231522937    -844.0979620409    -844.0614252274
       8.1000000000    -849.7921414291    -845.9339330646    -845.7559948321    -844.3188931109    -844.0905054972    -844.0513041324
       8.2000000000    -849.7823526787    -845.9236026313    -845.7463468901    -844.3153731399    -844.0837373754    -844.0419375759
       8.3000000000    -849.7729889028    -845.9137369916    -845.7372052913    -844.3124065785    -844.0774943848    -844.0330284910
       8.4000000000    -849.7642676859    -845.9043465414    -845.7285724375    -844.3100656663    -844.0719598419    -844.0246145262
       8.5000000000    -849.7560747463    -845.8953499882    -845.7204843428    -844.3085160123    -844.0667687837    -844.0168662412
       8.6000000000    -849.7485080175    -845.8870801074    -845.7131247694    -844.3078887862    -844.0622454348    -844.0098376165
       8.7000000000    -849.7420601880    -845.8799301434    -845.7067946967    -844.3082906306    -844.0590314005    -844.0037351547
       8.8000000000    -849.7366736131    -845.8737447253    -845.7014397700    -844.3099404537    -844.0570359915    -843.9985936915
       8.9000000000    -849.7319856294    -845.8681520363    -845.6967254550    -844.3124366248    -844.0558851301    -843.9941261648
       9.0000000000    -849.7281524334    -845.8632609545    -845.6926828856    -844.3157551395    -844.0557504504    -843.9902557651
       9.1000000000    -849.7250046548    -845.8589086494    -845.6892346604    -844.3199473773    -844.0564725855    -843.9869577341
       9.2000000000    -849.7222198056    -845.8549404536    -845.6862003269    -844.3247747797    -844.0577707503    -843.9840184413
       9.3000000000    -849.7205949710    -845.8522161098    -845.6843261719    -844.3307329201    -844.0603874218    -843.9821031919
       9.4000000000    -849.7200469917    -845.8504793943    -845.6833455902    -844.3375338700    -844.0641097779    -843.9810832045
       9.5000000000    -849.7198107311    -845.8490422974    -845.6826165174    -844.3446669787    -844.0682553370    -843.9802723450
       9.6000000000    -849.7196490593    -845.8475938892    -845.6819215921    -844.3521993417    -844.0726249572    -843.9795240367
       9.7000000000    -849.7203647470    -845.8470457503    -845.6820919878    -844.3605207782    -844.0780462828    -843.9795751295
       9.8000000000    -849.7212136643    -845.8466446108    -845.6824014149    -844.3690718198    -844.0837591172    -843.9797904460
       9.9000000000    -849.7219562528    -845.8462203681    -845.6827111163    -844.3775703589    -844.0895587900    -843.9800110397
      10.0000000000    -849.7220943926    -845.8451485386    -845.6824538663    -844.3856266535    -844.0948544687    -843.9797358735
