FINAL HEAT OF FORMATION =      -849.3021292338  time =      10.0000000000
 State =            3
 Seed  =     66144679
$COORD
  6       -7.9870612045       0.6615458046      -0.0407290167
  6       -7.1176174418       1.7937035657       0.0035228639
  6       -5.7121189232       1.4976054047       0.0391620970
  6       -5.1881142960       0.2507743792      -0.0224197523
  6       -6.1329631826      -0.8694600234       0.0332806153
  6       -7.5061972876      -0.6183116965      -0.0013877312
  1       -8.9954119258       0.9443706761       0.1404340808
  1       -7.5344697643       2.7713701615       0.1441488583
  1       -5.0050552266       2.3332739634       0.0919512358
  1       -4.1363047900       0.0184401251      -0.2452113507
  1       -5.7877984330      -1.9323272018       0.0903020227
  1       -8.1180663199      -1.5632058390       0.0539121201
$ENDCOORD
$VELOC
     0.0559930820    -2.9930592079     2.9619013674
    -3.5072580093     1.7674059897    -3.1796096876
    -0.5838613371    -7.8547881317    -0.3403915116
    -5.0088531768    -1.2851520672     2.7124590662
    -0.5416668144     1.4133159406     1.6390328394
     7.6419621178     6.9626977979    -3.2265627897
   -13.1191972588    14.7251959386    30.0849865128
   -14.5739891231     9.6760837788   -10.3882001570
    11.9373501894    10.9908355366     8.0604212813
    -3.8895712328   -30.0993180510   -15.3427418189
    10.3899724735     6.8163702216     1.0193663661
    32.6010251310    11.7876740951   -20.2420187141
$ENDVELOC
$COEFF
     0.0000000000     0.0000000000
     0.0000000000     0.0000000000
     0.0000000000     0.0000000000
     0.0000000000     0.0000000000
     0.0000000000     0.0000000000
$ENDCOEFF
