FINAL HEAT OF FORMATION =      -849.7746243361  time =       0.0000000000
$VELOC
     3.3718248255    -5.6032885851    -1.1970845430
     2.5106648755     2.0978837936    -1.0696411897
    -5.9135180273    -3.7505826950     1.1689299882
     7.7194332369     4.8702351843     0.6576546539
    -7.1851218597    -2.0113572464    -0.6329683366
    -1.7276579899     0.3919019235    -0.0257452789
   -17.0279163131     9.9875659543     5.3513734186
    -4.7222747942    18.9640275032    11.9601977631
    10.9539809533    17.0164104392    -9.7113209727
    25.7548696749     2.2116651957    -0.5444198126
   -16.5303708309    -2.3313274630    -3.2147489925
    16.2776787025     2.2582071550     9.3572624706
$ENDVELOC
FINAL HEAT OF FORMATION =      -849.7830271643  time =       1.0000000000
$VELOC
     3.9781813878    -4.8239007007    -0.9750418977
     0.1658225043     2.7361768990    -1.2866885387
    -4.3737894721    -4.8256244095     2.6663119286
     7.9836999266     5.5564264770    -0.7798132759
    -6.4089613533    -1.4265779711     0.8500689559
    -0.5914523836    -0.6687603166    -0.5541907467
   -29.7075978333    17.1072927125     7.6022695747
    -7.7691672713    20.5446706770     8.2711409484
    14.8502547236     6.9185864315   -13.7278248085
    18.0641782638    -0.7304072359    -2.8319332551
   -18.5804897881    -1.1935721788    -1.8171690622
    14.0925260833    -1.1814752836     3.4566323871
$ENDVELOC
FINAL HEAT OF FORMATION =      -849.7474551467  time =       2.0000000000
$VELOC
     3.0787392123    -4.0599149389     0.0302427455
    -1.0516795215     3.2768960731    -1.0994417414
    -3.6509422795    -5.3765025451     1.8604228744
     7.5530640273     6.2861140842     0.6904626691
    -3.9787098231    -1.6906845128     0.4586892160
    -0.4075438403    -0.0933787253    -1.3282825858
   -29.8436406456    16.5391756772    10.3674874790
    -4.7801439077    18.4681285042     2.0540805685
    17.4232691071    -4.5984049169   -14.1788911222
    10.1986008693    -3.3647414270    -5.2819766740
   -24.0107461807     2.4062168513    -0.6377128458
    12.4805552502    -9.5424957351     0.3251614354
$ENDVELOC
FINAL HEAT OF FORMATION =      -849.7036549734  time =       3.0000000000
$VELOC
     1.5697932119    -3.0948413799     0.4886262664
    -1.7103468102     3.6960190764    -2.2875924745
    -3.3197086564    -5.4483453843     1.3069227984
     7.1212909931     5.7544970307     1.7066052300
    -3.1850293513    -1.6895146709     0.2065428947
     0.6200056837     0.9240177082    -1.7576889196
   -16.7739401001    15.3939942965    13.9578791041
    -1.9542145589    11.5523331637     8.5585765720
    15.0093629042   -12.0084050541   -13.5890456215
     3.6252698406    -1.5524247859    -5.9963860706
   -22.5425071889     3.0001148624     1.8129530259
     9.4719121970   -18.0891612000    -0.7012641276
$ENDVELOC
FINAL HEAT OF FORMATION =      -849.6808650822  time =       4.0000000000
$VELOC
    -0.7327110772    -0.3036951060     0.0206200853
    -2.9551377728     3.1021710917    -2.3195730276
    -0.8375205528    -2.9444823896     1.4313622856
     5.8776101664     4.3677018964     1.8099973951
    -3.2133752078    -1.5770498578     1.5954855502
     2.5466279009     0.8801364804    -2.2657744277
     1.4426328627     8.1520641971    21.2335952735
    -0.1708178570     1.8077595686     2.0150589770
     9.4559011802   -21.4264461321    -9.9196675196
    -7.4969255070    -1.8822906502   -11.0751697818
   -19.5266158461    -1.0154675320    -2.8294965447
     8.0623632592   -27.9717774357    -2.6927280325
$ENDVELOC
FINAL HEAT OF FORMATION =      -849.6330126095  time =       5.0000000000
$VELOC
    -2.6802840003     0.6339266139     1.0351169773
    -4.4731417087     4.2117284312    -2.4038277387
     0.8317442728    -2.8324704264     0.5542923735
     4.6700634879     2.9203270937     2.8709784851
    -3.7710998846    -0.1061049358     0.6765781060
     3.9708528574     1.5282714811    -2.7797321153
    23.2474787735     3.7277287123    24.9607177332
    -0.4406239298   -10.0684448527    -5.7244956484
     5.4879881401   -28.4274556561    -4.8218840516
   -11.6619604011    -4.3185101726    -9.9564812556
   -10.6709558159    -6.0626972407    -0.8356971513
    11.4764234543   -31.1886723450    -3.0625201498
$ENDVELOC
FINAL HEAT OF FORMATION =      -849.5792790411  time =       6.0000000000
$VELOC
    -3.9647475702     1.4018921196     1.0573932673
    -5.6360199372     4.6261460134    -2.2247481752
     1.9896309823    -3.7302073134    -0.5387917973
     3.4617782135     1.9393065812     3.7489307154
    -2.1529295944    -0.0116249032     1.2697232504
     3.5115727027     3.3115676479    -3.1835846906
    37.4738641464     0.5188581817    29.7232840180
    -3.4789115342   -17.6502689155    -7.4118150748
    -1.6120264415   -27.7741967305    -2.1874236324
   -12.2466608240    -4.3709941874   -12.3179749777
    -5.0319893410   -16.8114927082    -2.5579159565
    18.4150043006   -24.4397752673    -6.7966433645
$ENDVELOC
FINAL HEAT OF FORMATION =      -849.5215487150  time =       7.0000000000
$VELOC
    -4.2369092895     1.1708452682     2.1147345553
    -6.1632817637     4.5322315880    -3.8409513959
     2.3752426916    -5.1401665945    -0.0003316752
     1.1651416442     1.4697792421     3.5956641105
    -1.3394569185     1.4814548479     1.5486119806
     4.5221923663     3.6520255542    -3.1293758853
    38.3425364164     1.9914776538    32.9697423495
    -6.7730165968   -17.5667656902    -9.7032525411
     2.5709264029   -24.5080234386     2.6203257366
    -6.5779275842    -9.1494579338   -12.0455831588
    -2.5894110606   -17.6388579906    -7.0380648007
    19.1921954416   -19.2012393402   -10.2665597350
$ENDVELOC
FINAL HEAT OF FORMATION =      -849.4548700316  time =       8.0000000000
$VELOC
    -3.2552169670     0.2819937890     3.6622198910
    -5.7785137213     3.3157853137    -3.7325638255
     1.5110372727    -6.7804116744     0.1175792916
    -1.2310142655    -0.0525537767     3.0875827369
     0.0703789377     1.9036021659     2.8193495068
     5.7511885870     6.8745640303    -5.1132048369
    23.3123734350     1.0798112386    30.4606964426
    -9.7822176957   -12.9586877772   -11.3900532399
     3.1946697322   -18.2598916902     1.1478375913
    -8.8681901365   -15.0159704774   -13.7163476771
     6.0538459878   -11.9041858252    -4.7985491631
    21.3074540946    -9.5178064208   -11.8043877105
$ENDVELOC
FINAL HEAT OF FORMATION =      -849.3893588257  time =       9.0000000000
$VELOC
    -1.9780093928    -1.5245276722     3.7804242069
    -5.0517877880     1.9983951020    -4.4962729707
     0.8661189250    -8.5473084191     0.0107723235
    -3.0626133066    -0.2095991339     3.3386888139
     0.4413220431     2.0738401552     1.7285195114
     6.4927904983     7.3173821084    -4.1916931079
     6.5264035308     5.7438241914    32.2539514080
   -12.0541072435     4.5127831646    -6.8618017569
     7.7845903438    -2.1092251534     2.6040559580
    -7.0973285451   -23.2098978895   -11.0563256617
     6.2799743506    -1.1153341923    -2.8551358772
    26.0918297845     2.8674741908   -16.1318842211
$ENDVELOC
FINAL HEAT OF FORMATION =      -849.3021292338  time =      10.0000000000
$VELOC
     0.0559930820    -2.9930592079     2.9619013674
    -3.5072580093     1.7674059897    -3.1796096876
    -0.5838613371    -7.8547881317    -0.3403915116
    -5.0088531768    -1.2851520672     2.7124590662
    -0.5416668144     1.4133159406     1.6390328394
     7.6419621178     6.9626977979    -3.2265627897
   -13.1191972588    14.7251959386    30.0849865128
   -14.5739891231     9.6760837788   -10.3882001570
    11.9373501894    10.9908355366     8.0604212813
    -3.8895712328   -30.0993180510   -15.3427418189
    10.3899724735     6.8163702216     1.0193663661
    32.6010251310    11.7876740951   -20.2420187141
$ENDVELOC
