##     time(fs)           T                  T-T0               U                  U-U0               E                  E-E0
       0.0000000000       0.2983836093       0.0000000000    -850.0730079454       0.0000000000    -849.7746243361       0.0000000000
       0.1000000000       0.3144229963       0.0160393870    -850.0790125784      -0.0060046330    -849.7645895821       0.0100347539
       0.2000000000       0.3399032568       0.0415196475    -850.0845398760      -0.0115319306    -849.7446366192       0.0299877169
       0.3000000000       0.3572951261       0.0589115168    -850.0894343405      -0.0164263951    -849.7321392144       0.0424851217
       0.4000000000       0.3579617581       0.0595781487    -850.0933955653      -0.0203876199    -849.7354338072       0.0391905289
       0.5000000000       0.3598757579       0.0614921485    -850.0963339784      -0.0233260330    -849.7364582205       0.0381661155
       0.6000000000       0.3488366981       0.0504530887    -850.0981952961      -0.0251873507    -849.7493585980       0.0252657381
       0.7000000000       0.3461531591       0.0477695498    -850.0992617791      -0.0262538337    -849.7531086200       0.0215157161
       0.8000000000       0.3352013144       0.0368177051    -850.0996139804      -0.0266060350    -849.7644126659       0.0102116701
       0.9000000000       0.3320452773       0.0336616680    -850.0991903028      -0.0261823574    -849.7671450254       0.0074793106
       1.0000000000       0.3177722548       0.0193886455    -850.0980911995      -0.0250832541    -849.7803189447      -0.0056946086
       1.1000000000       0.3285397594       0.0301561500    -850.0961578996      -0.0231499542    -849.7676181402       0.0070061958
       1.2000000000       0.3356592297       0.0372756203    -850.0933940484      -0.0203861030    -849.7577348187       0.0168895173
       1.3000000000       0.3286408714       0.0302572620    -850.0898701543      -0.0168622089    -849.7612292829       0.0133950531
       1.4000000000       0.3103864402       0.0120028309    -850.0859114826      -0.0129035373    -849.7755250424      -0.0009007064
       1.5000000000       0.3111828563       0.0127992470    -850.0813074935      -0.0082995481    -849.7701246371       0.0044996989
       1.6000000000       0.3106008426       0.0122172333    -850.0760025575      -0.0029946121    -849.7654017148       0.0092226212
       1.7000000000       0.3054802941       0.0070966848    -850.0700471775       0.0029607679    -849.7645668834       0.0100574527
       1.8000000000       0.2996625923       0.0012789830    -850.0636269265       0.0093810189    -849.7639643342       0.0106600018
       1.9000000000       0.2981624936      -0.0002211158    -850.0568533958       0.0161545496    -849.7586909022       0.0159334339
       2.0000000000       0.2894725414      -0.0089110680    -850.0497567237       0.0232512217    -849.7602841823       0.0143401538
       2.1000000000       0.2803373579      -0.0180462514    -850.0424203777       0.0305875677    -849.7620830198       0.0125413163
       2.2000000000       0.2721423464      -0.0262412630    -850.0347302332       0.0382777122    -849.7625878868       0.0120364493
       2.3000000000       0.2722896107      -0.0260939987    -850.0268341558       0.0461737896    -849.7545445451       0.0200797909
       2.4000000000       0.2519545267      -0.0464290826    -850.0187172014       0.0542907440    -849.7667626747       0.0078616614
       2.5000000000       0.2520430086      -0.0463406008    -850.0109753088       0.0620326366    -849.7589323003       0.0156920358
       2.6000000000       0.2493043712      -0.0490792382    -850.0030832887       0.0699246567    -849.7537789175       0.0208454185
       2.7000000000       0.2564469960      -0.0419366134    -849.9953431845       0.0776647609    -849.7388961885       0.0357281476
       2.8000000000       0.2431832626      -0.0552003468    -849.9879014986       0.0851064468    -849.7447182360       0.0299061000
       2.9000000000       0.2297386742      -0.0686449351    -849.9808460305       0.0921619149    -849.7511073563       0.0235169798
       3.0000000000       0.2345443715      -0.0638392378    -849.9739841810       0.0990237644    -849.7394398095       0.0351845266
       3.1000000000       0.2237794975      -0.0746041118    -849.9678260573       0.1051818881    -849.7440465597       0.0305777763
       3.2000000000       0.2160341161      -0.0823494932    -849.9622350310       0.1107729144    -849.7462009149       0.0284234212
       3.3000000000       0.2149809005      -0.0834027088    -849.9568156096       0.1161923358    -849.7418347091       0.0327896270
       3.4000000000       0.2077253384      -0.0906582710    -849.9519259426       0.1210820028    -849.7442006043       0.0304237318
       3.5000000000       0.2022110922      -0.0961725171    -849.9479412595       0.1250666859    -849.7457301673       0.0288941688
       3.6000000000       0.1920130046      -0.1063706047    -849.9453196477       0.1276882977    -849.7533066431       0.0213176929
       3.7000000000       0.1823385708      -0.1160450386    -849.9444614714       0.1285464740    -849.7621229007       0.0125014354
       3.8000000000       0.1880030833      -0.1103805261    -849.9447999059       0.1282080395    -849.7567968227       0.0178275134
       3.9000000000       0.1901119388      -0.1082716705    -849.9458924935       0.1271154519    -849.7557805547       0.0188437813
       4.0000000000       0.1934831532      -0.1049004561    -849.9478081904       0.1251997550    -849.7543250372       0.0202992989
       4.1000000000       0.1921345146      -0.1062490947    -849.9508789752       0.1221289702    -849.7587444605       0.0158798755
       4.2000000000       0.1895785376      -0.1088050717    -849.9546478119       0.1183601335    -849.7650692743       0.0095550617
       4.3000000000       0.2017938760      -0.0965897333    -849.9592733169       0.1137346285    -849.7574794409       0.0171448952
       4.4000000000       0.2178532876      -0.0805303218    -849.9647892827       0.1082186627    -849.7469359951       0.0276883409
       4.5000000000       0.2310934558      -0.0672901536    -849.9708603741       0.1021475713    -849.7397669183       0.0348574177
       4.6000000000       0.2399078200      -0.0584757894    -849.9771569259       0.0958510195    -849.7372491059       0.0373752301
       4.7000000000       0.2553155665      -0.0430680428    -849.9843172659       0.0886906795    -849.7290016993       0.0456226367
       4.8000000000       0.2697528608      -0.0286307485    -849.9922377190       0.0807702264    -849.7224848581       0.0521394779
       4.9000000000       0.2843809453      -0.0140026640    -850.0008992471       0.0721086983    -849.7165183018       0.0581060343
       5.0000000000       0.2834061061      -0.0149775033    -850.0099959339       0.0630120115    -849.7265898278       0.0480345083
       5.1000000000       0.2819658155      -0.0164177938    -850.0189646986       0.0540432468    -849.7369988831       0.0376254530
       5.2000000000       0.3020072464       0.0036236371    -850.0278747025       0.0451332428    -849.7258674561       0.0487568799
       5.3000000000       0.3060765255       0.0076929162    -850.0367776021       0.0362303433    -849.7307010766       0.0439232595
       5.4000000000       0.3248505890       0.0264669797    -850.0455715221       0.0274364233    -849.7207209331       0.0539034030
       5.5000000000       0.3176076431       0.0192240337    -850.0539374497       0.0190704957    -849.7363298067       0.0382945294
       5.6000000000       0.3200137856       0.0216301763    -850.0621835072       0.0108244382    -849.7421697216       0.0324546144
       5.7000000000       0.3317846944       0.0334010851    -850.0703667497       0.0026411957    -849.7385820552       0.0360422808
       5.8000000000       0.3456344463       0.0472508369    -850.0778098244      -0.0048018790    -849.7321753782       0.0424489579
       5.9000000000       0.3611584048       0.0627747954    -850.0848203235      -0.0118123782    -849.7236619188       0.0509624173
       6.0000000000       0.3597575698       0.0613739604    -850.0912042037      -0.0181962583    -849.7314466339       0.0431777022
       6.1000000000       0.3589479404       0.0605643310    -850.0965810713      -0.0235731259    -849.7376331309       0.0369912051
       6.2000000000       0.3585715949       0.0601879856    -850.1007666963      -0.0277587509    -849.7421951013       0.0324292347
       6.3000000000       0.3706364149       0.0722528055    -850.1041443522      -0.0311364068    -849.7335079373       0.0411163987
       6.4000000000       0.3732671972       0.0748835878    -850.1065866528      -0.0335787074    -849.7333194556       0.0413048805
       6.5000000000       0.3806182520       0.0822346426    -850.1082614793      -0.0352535339    -849.7276432273       0.0469811087
       6.6000000000       0.3724848888       0.0741012794    -850.1088029642      -0.0357950188    -849.7363180755       0.0383062606
       6.7000000000       0.3747886450       0.0764050356    -850.1084176889      -0.0354097436    -849.7336290440       0.0409952921
       6.8000000000       0.3605074500       0.0621238406    -850.1072467860      -0.0342388406    -849.7467393360       0.0278850001
       6.9000000000       0.3741741577       0.0757905483    -850.1050351984      -0.0320272530    -849.7308610407       0.0437632954
       7.0000000000       0.3767587028       0.0783750935    -850.1018764388      -0.0288684934    -849.7251177360       0.0495066001
       7.1000000000       0.3611280030       0.0627443936    -850.0980489161      -0.0250409707    -849.7369209131       0.0377034230
       7.2000000000       0.3538838716       0.0555002623    -850.0935032860      -0.0204953406    -849.7396194144       0.0350049217
       7.3000000000       0.3583744831       0.0599908738    -850.0882368684      -0.0152289230    -849.7298623853       0.0447619508
       7.4000000000       0.3568440737       0.0584604643    -850.0824059982      -0.0093980528    -849.7255619245       0.0490624115
       7.5000000000       0.3467370065       0.0483533972    -850.0761422415      -0.0031342961    -849.7294052350       0.0452191011
       7.6000000000       0.3363922998       0.0380086905    -850.0697952261       0.0032127193    -849.7334029262       0.0412214098
       7.7000000000       0.3396378336       0.0412542243    -850.0634351732       0.0095727722    -849.7237973396       0.0508269965
       7.8000000000       0.3398507472       0.0414671379    -850.0570351753       0.0159727701    -849.7171844281       0.0574399080
       7.9000000000       0.3373806502       0.0389970409    -850.0507490251       0.0222589203    -849.7133683748       0.0612559613
       8.0000000000       0.3352374634       0.0368538540    -850.0448399121       0.0281680333    -849.7096024488       0.0650218873
       8.1000000000       0.3187743751       0.0203907658    -850.0398089231       0.0331990223    -849.7210345479       0.0535897881
       8.2000000000       0.2957083668      -0.0026752426    -850.0356644015       0.0373435439    -849.7399560348       0.0346683013
       8.3000000000       0.3022398113       0.0038562020    -850.0321371870       0.0408707584    -849.7298973756       0.0447269604
       8.4000000000       0.3047406898       0.0063570804    -850.0294504225       0.0435575229    -849.7247097328       0.0499146033
       8.5000000000       0.2975038253      -0.0008797840    -850.0277972844       0.0452106610    -849.7302934591       0.0443308770
       8.6000000000       0.2902023246      -0.0081812847    -850.0273136209       0.0456943245    -849.7371112963       0.0375130397
       8.7000000000       0.2917287712      -0.0066548382    -850.0280260315       0.0449819139    -849.7362972603       0.0383270758
       8.8000000000       0.2899858335      -0.0083977759    -850.0301509339       0.0428570115    -849.7401651004       0.0344592357
       8.9000000000       0.2953997044      -0.0029839050    -850.0333428007       0.0396651447    -849.7379430963       0.0366812397
       9.0000000000       0.3114645140       0.0130809047    -850.0374088572       0.0355990882    -849.7259443432       0.0486799928
       9.1000000000       0.3066720828       0.0082884735    -850.0424387784       0.0305691670    -849.7357666956       0.0388576405
       9.2000000000       0.3059304708       0.0075468615    -850.0481280451       0.0248799003    -849.7421975742       0.0324267618
       9.3000000000       0.3231805948       0.0247969855    -850.0548715326       0.0181364128    -849.7316909378       0.0429333983
       9.4000000000       0.3389471216       0.0405635123    -850.0623860343       0.0106219111    -849.7234389127       0.0511854234
       9.5000000000       0.3434623118       0.0450787025    -850.0702036226       0.0028043228    -849.7267413108       0.0478830253
       9.6000000000       0.3465078148       0.0481242055    -850.0784308890      -0.0054229436    -849.7319230741       0.0427012619
       9.7000000000       0.3611550526       0.0627714432    -850.0874143595      -0.0144064141    -849.7262593070       0.0483650291
       9.8000000000       0.3712349770       0.0728513676    -850.0963951136      -0.0233871682    -849.7251601366       0.0494641995
       9.9000000000       0.3664431119       0.0680595026    -850.1051131140      -0.0321051686    -849.7386700021       0.0359543340
      10.0000000000       0.3747640550       0.0763804457    -850.1132723719      -0.0402644265    -849.7385083169       0.0361160192
