FINAL HEAT OF FORMATION =      -849.7385083169  time =      10.0000000000
 State =            0
 Seed  =     66144679
$COORD
  6       -7.9796883130       0.6855038740      -0.0308114987
  6       -7.1078628016       1.7535903154       0.0194953562
  6       -5.7262351907       1.5127596432       0.0276700668
  6       -5.2049779573       0.2231245709      -0.0201009868
  6       -6.1393308809      -0.8305707707       0.0141362633
  6       -7.4870788598      -0.6275054883       0.0070733089
  1       -9.0116350463       0.8855842615       0.0371179592
  1       -7.5184362211       2.7504492831       0.0905620832
  1       -4.9797697150       2.2964207086       0.0367503479
  1       -4.1259296164       0.0537070288      -0.1022719382
  1       -5.7976683536      -1.9027698881       0.0754797016
  1       -8.1304353762      -1.5240175205       0.0654312425
$ENDCOORD
$VELOC
     0.8708106676     2.2855774823     4.0385633954
    -4.2216593342    -4.7341320708    -0.1434475688
     0.8126862652    -4.2864376002    -1.9241303580
    -7.4600572079    -5.5217835907     3.4300895874
     1.6335770690     6.8814995610    -1.9005775656
     6.9078210273     3.8256614705    -1.6583126403
   -28.2000679438     0.1365276744    10.1787695381
    -8.7374044294     4.6428805766   -19.2547012989
    21.6384818636     9.8725057849    -4.8883044443
     2.2564451802   -20.5944303505     6.7917060295
     5.7566036745     9.8876780773    -0.3778499652
    24.7838248482    14.6672609754   -14.5761020934
$ENDVELOC
$COEFF
$ENDCOEFF
