FINAL HEAT OF FORMATION =      -849.7746243361  time =       0.0000000000
$VELOC
     3.3718248255    -5.6032885851    -1.1970845430
     2.5106648755     2.0978837936    -1.0696411897
    -5.9135180273    -3.7505826950     1.1689299882
     7.7194332369     4.8702351843     0.6576546539
    -7.1851218597    -2.0113572464    -0.6329683366
    -1.7276579899     0.3919019235    -0.0257452789
   -17.0279163131     9.9875659543     5.3513734186
    -4.7222747942    18.9640275032    11.9601977631
    10.9539809533    17.0164104392    -9.7113209727
    25.7548696749     2.2116651957    -0.5444198126
   -16.5303708309    -2.3313274630    -3.2147489925
    16.2776787025     2.2582071550     9.3572624706
$ENDVELOC
FINAL HEAT OF FORMATION =      -849.7803189447  time =       1.0000000000
$VELOC
     4.2775851896    -5.1306809192    -0.6522482384
     0.9171619895     2.1616943735    -1.1043847522
    -5.2894096387    -5.2957614463     2.3974349318
     7.5335052170     5.4979443510    -0.6758061911
    -7.2088024193    -0.5524632390     0.5289677978
     0.4795338059    -0.1139496491    -0.4623135626
   -29.4548656776    17.0998435288     6.0453387737
    -7.8786276035    20.4313374766     7.3414950170
    15.1537665382     6.4559022435   -14.5286213721
    17.9088101068    -0.8327134271    -0.0235672591
   -18.2801450566    -0.9559186006    -2.2913868486
    14.0283666487    -0.9620874909     3.0765937148
$ENDVELOC
FINAL HEAT OF FORMATION =      -849.7602841823  time =       2.0000000000
$VELOC
     3.7715960980    -4.2064053134     0.7065524169
     0.2639376732     1.8705231424    -0.6738922194
    -5.4226727436    -5.8711860990     1.2786778961
     6.6343767780     5.7708473890     0.8558738427
    -5.4109608273     0.1660320301    -0.1845181726
     1.6147111592     0.6465237698    -1.1289751280
   -29.2545302744    16.2621765982     6.9185414581
    -4.8847792144    18.2273509527    -0.2828499393
    17.8311267702    -5.7707423994   -15.3488719331
     9.8139361402    -3.4642836429     0.4837641608
   -23.4960783165     3.0665799803    -1.7411001230
    12.5625063749    -8.8192402013    -0.2834981571
$ENDVELOC
FINAL HEAT OF FORMATION =      -849.7394398095  time =       3.0000000000
$VELOC
     2.5504707213    -2.9228752099     1.4689590594
     0.0543893393     1.4563265730    -1.5143445688
    -5.7437897246    -5.7628422414     0.3748978677
     5.7927586772     4.7195958913     1.9116515429
    -5.0723503372     1.0358372689    -0.8209174956
     3.3548415464     1.6537570387    -1.3755862606
   -15.6415060801    14.4223823973     8.1048502505
    -1.9709440405    10.9707760638     4.8966721301
    15.4680130485   -14.1719462747   -15.4034186391
     2.9622686289    -1.4285881666     3.1612874533
   -21.9310467190     4.4605698351     0.0638523754
     9.8670729711   -16.4127634945    -1.3596565714
$ENDVELOC
FINAL HEAT OF FORMATION =      -849.7543250372  time =       4.0000000000
$VELOC
     0.2345130733     0.6422693168     1.1864573075
    -0.9265257151    -0.1294311221    -1.0709564913
    -3.6406227681    -2.5995080099     0.1975443549
     4.3257306417     2.5022791649     2.0112984111
    -5.2825672614     1.9872213008     0.0800257649
     5.7223526206     1.1758835423    -1.6154714182
     3.4655534200     5.4552854062    12.5778122643
    -0.0351508273     0.7751725264    -2.8550527863
    10.1544508344   -25.2615097476   -13.1261713645
    -8.4594947372    -0.8586411584     1.8657133192
   -18.9285736195     1.5490845557    -4.9553145715
     8.6038861513   -24.6433277533    -2.9824398850
$ENDVELOC
FINAL HEAT OF FORMATION =      -849.7265898278  time =       5.0000000000
$VELOC
    -1.8992734010     2.7755728826     2.2865095960
    -2.5225011234    -0.1439084951    -0.6915416056
    -1.9228026821    -1.4545982428    -0.8689704617
     2.9410395862    -0.0535609750     3.0446378017
    -5.6080779686     4.2901069415    -1.3370203245
     7.2261659195     1.0225087023    -1.8554331108
    25.9672938922    -1.4948532034    13.8592257966
     0.1146870824   -11.6165542716   -11.6238718135
     6.5660928783   -34.2136735766    -9.7454953052
   -12.5382756170    -1.7194456102     6.3508838428
   -10.4848473299    -2.3248546371    -3.0127973815
    11.8200850732   -25.9348657931    -2.7724878805
$ENDVELOC
FINAL HEAT OF FORMATION =      -849.7314466339  time =       6.0000000000
$VELOC
    -3.2995132007     4.8035615753     2.3368239733
    -4.1258229638    -0.7671993666    -0.1214344380
    -0.2682733980    -1.3266357596    -2.0546591599
     1.4551659334    -2.0989738831     3.9091365418
    -3.3431136679     5.1139010536    -1.1931126974
     6.4425034470     1.9128081202    -2.0396146219
    39.6199308991    -7.2755740894    16.6963943342
    -2.0981133500   -19.9033831598   -14.1723861888
     0.0675289435   -34.8186227550    -8.8176504533
   -12.2572579492     0.0645420502     6.6069633051
    -5.7926222458   -12.0995746397    -4.5654044546
    18.1637094948   -17.7009403624    -5.8028002529
$ENDVELOC
FINAL HEAT OF FORMATION =      -849.7251177360  time =       7.0000000000
$VELOC
    -3.5364757579     5.6388020469     3.3767031680
    -5.3006340069    -1.6561955363    -1.4224650990
     0.8927883278    -1.9465288101    -1.5590237026
    -1.1698164885    -3.3545597701     3.7938245472
    -1.6363839974     7.1484167637    -1.2906892337
     6.8124257300     1.4524348603    -1.8160885241
    37.7109338785    -7.9473162205    18.2164567602
    -4.2448372258   -20.7823847644   -17.2470158718
     5.5436366558   -31.4799038395    -5.7280071509
    -4.9648693212    -2.9629470756     8.8411130185
    -4.5455661789   -12.4422205742    -8.7515482723
    17.8011755639   -11.8537682433    -8.3300372273
$ENDVELOC
FINAL HEAT OF FORMATION =      -849.7096024488  time =       8.0000000000
$VELOC
    -2.4021242993     5.4681954829     4.8900461316
    -5.5752930479    -3.3347793520    -1.0457723900
     0.9149651024    -3.1475109460    -1.4550311622
    -3.8169804861    -5.2203307474     3.3865003518
     0.7140770906     7.8406498010    -0.3308804561
     7.1813536338     4.0895153783    -3.6813040563
    17.6040337784   -10.5246639868    13.9178422316
    -5.9805660884   -17.2544068604   -19.6572056594
     8.3544961268   -23.7458894567    -8.9327039791
    -5.3038378121    -7.3725295177     8.4184690611
     2.9580749297    -6.8616136815    -6.2420546696
    18.2086471660    -2.6524250338    -8.6864471541
$ENDVELOC
FINAL HEAT OF FORMATION =      -849.7259443432  time =       9.0000000000
$VELOC
    -1.0044002154     3.9556502336     4.9585419660
    -5.4103423399    -4.7522949682    -1.5879058295
     1.2246398788    -4.8126088246    -1.5759745131
    -5.7238028173    -5.1991707182     3.8052572857
     1.9588186735     7.9624282863    -1.6654832378
     6.8856155793     4.2044973836    -2.6644478781
    -4.8821493680    -7.3747028772    13.8881261414
    -7.0486770053    -0.5629445035   -15.6725554151
    15.5384840075    -5.3270666985    -9.1232972728
    -1.8518055492   -14.4248544161    11.5323445699
     2.2601480909     3.1546503001    -4.1666667694
    20.8404188998     8.2179579690   -11.7117746383
$ENDVELOC
FINAL HEAT OF FORMATION =      -849.7385083169  time =      10.0000000000
$VELOC
     0.8708106676     2.2855774823     4.0385633954
    -4.2216593342    -4.7341320708    -0.1434475688
     0.8126862652    -4.2864376002    -1.9241303580
    -7.4600572079    -5.5217835907     3.4300895874
     1.6335770690     6.8814995610    -1.9005775656
     6.9078210273     3.8256614705    -1.6583126403
   -28.2000679438     0.1365276744    10.1787695381
    -8.7374044294     4.6428805766   -19.2547012989
    21.6384818636     9.8725057849    -4.8883044443
     2.2564451802   -20.5944303505     6.7917060295
     5.7566036745     9.8876780773    -0.3778499652
    24.7838248482    14.6672609754   -14.5761020934
$ENDVELOC
