##     time(fs)           T                  T-T0               U                  U-U0               E                  E-E0
       0.0000000000       0.2983836093       0.0000000000    -850.0730079454       0.0000000000    -849.7746243361       0.0000000000
       0.1000000000       0.3041324518       0.0057488424    -850.0787612976      -0.0057533522    -849.7746288458      -0.0000045098
       0.2000000000       0.3092557894       0.0108721801    -850.0838885354      -0.0108805900    -849.7746327459      -0.0000084099
       0.3000000000       0.3136891772       0.0153055679    -850.0883251398      -0.0153171944    -849.7746359626      -0.0000116265
       0.4000000000       0.3173787399       0.0189951305    -850.0920172045      -0.0190092592    -849.7746384647      -0.0000141286
       0.5000000000       0.3202818881       0.0218982787    -850.0949221129      -0.0219141675    -849.7746402248      -0.0000158888
       0.6000000000       0.3223677696       0.0239841602    -850.0970089988      -0.0240010534    -849.7746412293      -0.0000168932
       0.7000000000       0.3236175135       0.0252339041    -850.0982589913      -0.0252510459    -849.7746414779      -0.0000171418
       0.8000000000       0.3240242631       0.0256406537    -850.0986652463      -0.0256573009    -849.7746409832      -0.0000166472
       0.9000000000       0.3235930041       0.0252093947    -850.0982327742      -0.0252248288    -849.7746397701      -0.0000154341
       1.0000000000       0.3223402034       0.0239565940    -850.0969780773      -0.0239701319    -849.7746378739      -0.0000135379
       1.1000000000       0.3202932728       0.0219096635    -850.0949286124      -0.0219206670    -849.7746353396      -0.0000110035
       1.2000000000       0.3174898761       0.0191062667    -850.0921220975      -0.0191141521    -849.7746322214      -0.0000078854
       1.3000000000       0.3139771030       0.0155934936    -850.0886056837      -0.0155977383    -849.7746285807      -0.0000042447
       1.4000000000       0.3098105311       0.0114269218    -850.0844350151      -0.0114270697    -849.7746244840      -0.0000001479
       1.5000000000       0.3050531967       0.0066695873    -850.0796731973      -0.0066652520    -849.7746200007       0.0000043354
       1.6000000000       0.2997744965       0.0013908872    -850.0743897003      -0.0013817549    -849.7746152038       0.0000091322
       1.7000000000       0.2940490484      -0.0043345610    -850.0686592148       0.0043487306    -849.7746101664       0.0000141697
       1.8000000000       0.2879555222      -0.0104280872    -850.0625604846       0.0104474608    -849.7746049624       0.0000193737
       1.9000000000       0.2815754709      -0.0168081385    -850.0561751360       0.0168328094    -849.7745996652       0.0000246709
       2.0000000000       0.2749921737      -0.0233914357    -850.0495865187       0.0234214267    -849.7745943450       0.0000299911
       2.1000000000       0.2682895063      -0.0300941030    -850.0428785777       0.0301293677    -849.7745890714       0.0000352647
       2.2000000000       0.2615508614      -0.0368327479    -850.0361347690       0.0368731764    -849.7745839076       0.0000404285
       2.3000000000       0.2548581161      -0.0435254932    -850.0294370298       0.0435709156    -849.7745789137       0.0000454223
       2.4000000000       0.2482906711      -0.0500929383    -850.0228648156       0.0501431298    -849.7745741445       0.0000501915
       2.5000000000       0.2419245602      -0.0564590491    -850.0164942091       0.0565137363    -849.7745696489       0.0000546871
       2.6000000000       0.2358316404      -0.0625519689    -850.0103971107       0.0626108347    -849.7745654703       0.0000588658
       2.7000000000       0.2300788621      -0.0683047472    -850.0046405092       0.0683674362    -849.7745616471       0.0000626890
       2.8000000000       0.2247276248      -0.0736559846    -849.9992858424       0.0737221030    -849.7745582176       0.0000661184
       2.9000000000       0.2198332246      -0.0785503848    -849.9943884422       0.0786195032    -849.7745552176       0.0000691185
       3.0000000000       0.2154444056      -0.0829392038    -849.9899970706       0.0830108747    -849.7745526651       0.0000716710
       3.1000000000       0.2116029640      -0.0867806453    -849.9861535364       0.0868544090    -849.7745505724       0.0000737637
       3.2000000000       0.2083434500      -0.0900401593    -849.9828924063       0.0901155391    -849.7745489563       0.0000753798
       3.3000000000       0.2056929693      -0.0926906401    -849.9802407896       0.0927671558    -849.7745478203       0.0000765157
       3.4000000000       0.2036710460      -0.0947125634    -849.9782182109       0.0947897344    -849.7745471650       0.0000771711
       3.5000000000       0.2022895676      -0.0960940417    -849.9768365540       0.0961713914    -849.7745469863       0.0000773497
       3.6000000000       0.2015528019      -0.0968308074    -849.9761000861       0.0969078593    -849.7745472842       0.0000770518
       3.7000000000       0.2014575022      -0.0969261071    -849.9760055496       0.0970023958    -849.7745480474       0.0000762887
       3.8000000000       0.2019930621      -0.0963905473    -849.9765423231       0.0964656223    -849.7745492610       0.0000750750
       3.9000000000       0.2031417481      -0.0952418613    -849.9776926499       0.0953152954    -849.7745509019       0.0000734342
       4.0000000000       0.2048789695      -0.0935046398    -849.9794319234       0.0935760220    -849.7745529539       0.0000713821
       4.1000000000       0.2071736367      -0.0912099726    -849.9817290426       0.0912789028    -849.7745554059       0.0000689302
       4.2000000000       0.2099885921      -0.0883950172    -849.9845468131       0.0884611323    -849.7745582209       0.0000661151
       4.3000000000       0.2132810684      -0.0851025410    -849.9878424026       0.0851655428    -849.7745613343       0.0000630018
       4.4000000000       0.2170031472      -0.0813804622    -849.9915678760       0.0814400694    -849.7745647288       0.0000596073
       4.5000000000       0.2211023356      -0.0772812738    -849.9956707221       0.0773372233    -849.7745683865       0.0000559495
       4.6000000000       0.2255222334      -0.0728613759    -850.0000944809       0.0729134645    -849.7745722474       0.0000520887
       4.7000000000       0.2302031042      -0.0681805052    -850.0047793860       0.0682285594    -849.7745762819       0.0000480542
       4.8000000000       0.2350825947      -0.0633010146    -850.0096630516       0.0633448938    -849.7745804569       0.0000438792
       4.9000000000       0.2400964809      -0.0582871285    -850.0146811927       0.0583267527    -849.7745847118       0.0000396243
       5.0000000000       0.2451793922      -0.0532042171    -850.0197683765       0.0532395689    -849.7745889842       0.0000353518
       5.1000000000       0.2502655527      -0.0481180567    -850.0248587975       0.0481491479    -849.7745932448       0.0000310912
       5.2000000000       0.2552896311      -0.0430939782    -850.0298870723       0.0431208731    -849.7745974412       0.0000268948
       5.3000000000       0.2601875510      -0.0381960584    -850.0347890458       0.0382188996    -849.7746014948       0.0000228412
       5.4000000000       0.2648972296      -0.0334863797    -850.0395026039       0.0335053415    -849.7746053743       0.0000189618
       5.5000000000       0.2693594444      -0.0290241650    -850.0439684826       0.0290394628    -849.7746090382       0.0000152978
       5.6000000000       0.2735186425      -0.0248649669    -850.0481310669       0.0248768785    -849.7746124244       0.0000119116
       5.7000000000       0.2773236917      -0.0210599176    -850.0519391681       0.0210687773    -849.7746154764       0.0000088596
       5.8000000000       0.2807286049      -0.0176550045    -850.0553467725       0.0176611729    -849.7746181676       0.0000061685
       5.9000000000       0.2836932873      -0.0146903220    -850.0583137474       0.0146941980    -849.7746204600       0.0000038760
       6.0000000000       0.2861841864      -0.0121994230    -850.0608064974       0.0122014480    -849.7746223111       0.0000020250
       6.1000000000       0.2881748666      -0.0102087428    -850.0627985579       0.0102093875    -849.7746236914       0.0000006447
       6.2000000000       0.2896465476      -0.0087370617    -850.0642711135       0.0087368319    -849.7746245659      -0.0000002299
       6.3000000000       0.2905885146      -0.0077950948    -850.0652134336       0.0077945118    -849.7746249190      -0.0000005829
       6.4000000000       0.2909984681      -0.0073851412    -850.0656232096       0.0073847358    -849.7746247415      -0.0000004054
       6.5000000000       0.2908827747      -0.0075008347    -850.0655067893       0.0075011561    -849.7746240147       0.0000003214
       6.6000000000       0.2902565531      -0.0081270562    -850.0648792916       0.0081286538    -849.7746227385       0.0000015975
       6.7000000000       0.2891436569      -0.0092399524    -850.0637645991       0.0092433463    -849.7746209422       0.0000033939
       6.8000000000       0.2875765803      -0.0108070291    -850.0621952183       0.0108127271    -849.7746186380       0.0000056980
       6.9000000000       0.2855961621      -0.0127874472    -850.0602120009       0.0127959445    -849.7746158387       0.0000084973
       7.0000000000       0.2832511473      -0.0151324620    -850.0578637244       0.0151442210    -849.7746125771       0.0000117590
       7.1000000000       0.2805976452      -0.0177859642    -850.0552065284       0.0178014170    -849.7746088832       0.0000154528
       7.2000000000       0.2776983933      -0.0206852161    -850.0523032080       0.0207047374    -849.7746048148       0.0000195213
       7.3000000000       0.2746219330      -0.0237616763    -850.0492223681       0.0237855773    -849.7746004351       0.0000239010
       7.4000000000       0.2714416138      -0.0269419956    -850.0460374428       0.0269705026    -849.7745958291       0.0000285070
       7.5000000000       0.2682345208      -0.0301490885    -850.0428255930       0.0301823524    -849.7745910722       0.0000332639
       7.6000000000       0.2650802637      -0.0333033456    -850.0396664890       0.0333414564    -849.7745862252       0.0000381108
       7.7000000000       0.2620596186      -0.0363239908    -850.0366409997       0.0363669457    -849.7745813812       0.0000429549
       7.8000000000       0.2592531734      -0.0391304360    -850.0338298054       0.0391781400    -849.7745766320       0.0000477041
       7.9000000000       0.2567398964      -0.0416437129    -850.0313119534       0.0416959920    -849.7745720570       0.0000522791
       8.0000000000       0.2545956006      -0.0437880088    -850.0291633907       0.0438445547    -849.7745677901       0.0000565459
       8.1000000000       0.2528915969      -0.0454920125    -850.0274554700       0.0455524754    -849.7745638732       0.0000604629
       8.2000000000       0.2516931433      -0.0466904660    -850.0262535464       0.0467543989    -849.7745604031       0.0000639329
       8.3000000000       0.2510580382      -0.0473255711    -850.0256155316       0.0473924138    -849.7745574934       0.0000668427
       8.4000000000       0.2510354578      -0.0473481515    -850.0255906476       0.0474172978    -849.7745551898       0.0000691463
       8.5000000000       0.2516646641      -0.0467189452    -850.0262182198       0.0467897256    -849.7745535557       0.0000707804
       8.6000000000       0.2529740169      -0.0454095924    -850.0275266701       0.0454812753    -849.7745526532       0.0000716829
       8.7000000000       0.2549801507      -0.0434034586    -850.0295326664       0.0434752790    -849.7745525157       0.0000718203
       8.8000000000       0.2576873206      -0.0406962887    -850.0322404915       0.0407674539    -849.7745531709       0.0000711652
       8.9000000000       0.2610870070      -0.0372966023    -850.0356416371       0.0373663083    -849.7745546301       0.0000697060
       9.0000000000       0.2651577493      -0.0332258600    -850.0397146405       0.0332933049    -849.7745568912       0.0000674449
       9.1000000000       0.2698652598      -0.0285183495    -850.0444251860       0.0285827594    -849.7745599262       0.0000644099
       9.2000000000       0.2751627595      -0.0232208499    -850.0497264505       0.0232814949    -849.7745636910       0.0000606450
       9.3000000000       0.2809915862      -0.0173920231    -850.0555597360       0.0174482094    -849.7745681498       0.0000561863
       9.4000000000       0.2872821008      -0.0111015085    -850.0618553302       0.0111526152    -849.7745732294       0.0000511066
       9.5000000000       0.2939547719      -0.0044288374    -850.0685336116       0.0044743338    -849.7745788397       0.0000454964
       9.6000000000       0.3009214906       0.0025378813    -850.0755063729      -0.0024984276    -849.7745848823       0.0000394537
       9.7000000000       0.3080870685       0.0097034592    -850.0826783239      -0.0096703785    -849.7745912554       0.0000330806
       9.8000000000       0.3153509064       0.0169672971    -850.0899487592      -0.0169408138    -849.7745978528       0.0000264833
       9.9000000000       0.3226087796       0.0242251703    -850.0972133289      -0.0242053835    -849.7746045493       0.0000197868
      10.0000000000       0.3297546684       0.0313710591    -850.1043658936      -0.0313579482    -849.7746112251       0.0000131109
