FINAL HEAT OF FORMATION =      -849.7746243361  time =       0.0000000000
  6        1.5492317402      -0.4476458697       0.5281582895
  6        0.2236104564      -1.1647211942      -0.0089285734
  6       -0.9103834673      -0.9753989900      -0.0004692584
  6       -0.5294036240       0.5718157627       0.0936975777
  6       -1.5399852016       0.8250142054       0.0261993751
  6        2.6502641113       0.8673903444      -0.1698635188
  1       -1.3949523117       0.3488443969      -0.1027352878
  1       -0.2891757007       0.7228012473      -0.1304761403
  1        0.5657850650      -0.2030731394      -0.1664290250
  1       -0.2807739705      -0.2883325079       0.1854416622
  1       -0.2428959383       0.1751631997      -0.1697880552
  1        0.1986788412      -0.4318574554      -0.0848070456
FINAL HEAT OF FORMATION =      -849.7746288458  time =       0.1000000000
  6        1.4544286193      -0.3642911350       0.5282826256
  6        0.1517971109      -1.1267375495       0.0024702986
  6       -0.8131404527      -0.8922316814       0.0011118590
  6       -0.5339647480       0.4988607429       0.0906460285
  6       -1.4639333763       0.8808360130       0.0217540013
  6        2.6760221541       0.8735386920      -0.1700945793
  1       -1.3029882917       0.3291642161      -0.1008913388
  1       -0.2624459579       0.6493635845      -0.1419513118
  1        0.5142414568      -0.2722954104      -0.1714442406
  1       -0.3475601824      -0.2811938367       0.1919693637
  1       -0.2332456157       0.1680755923      -0.1682261055
  1        0.1607892837      -0.4630892279      -0.0836266008
FINAL HEAT OF FORMATION =      -849.7746327459  time =       0.2000000000
  6        1.3548261384      -0.2794374208       0.5283097986
  6        0.0785686334      -1.0864603475       0.0141971928
  6       -0.7151537025      -0.8093380153       0.0024483953
  6       -0.5391927189       0.4263033864       0.0877447484
  6       -1.3873960736       0.9360730422       0.0172664825
  6        2.6995754432       0.8783249097      -0.1702599937
  1       -1.2063192847       0.3083694606      -0.0990026934
  1       -0.2349151673       0.5739744482      -0.1537794740
  1        0.4626398071      -0.3409637115      -0.1761865784
  1       -0.4129263600      -0.2740288265       0.1983037499
  1       -0.2233350429       0.1605048854      -0.1665835039
  1        0.1236283278      -0.4933218110      -0.0824581239
FINAL HEAT OF FORMATION =      -849.7746359626  time =       0.3000000000
  6        1.2509228888      -0.1934796208       0.5282515900
  6        0.0043415236      -1.0441261962       0.0261857789
  6       -0.6168232565      -0.7268305344       0.0035316861
  6       -0.5452754257       0.3539617017       0.0850038671
  6       -1.3101756497       0.9907489380       0.0127322499
  6        2.7206207580       0.8817908306      -0.1703371666
  1       -1.1055197329       0.2865545194      -0.0970799348
  1       -0.2067207172       0.4969865020      -0.1659006861
  1        0.4111628336      -0.4088192296      -0.1806330574
  1       -0.4766844661      -0.2668541021       0.2044247787
  1       -0.2131869192       0.1524816156      -0.1648694226
  1        0.0873381634      -0.5224144242      -0.0813096832
FINAL HEAT OF FORMATION =      -849.7746384647  time =       0.4000000000
  6        1.1432962443      -0.1065361994       0.5281261943
  6       -0.0707337344      -1.0000755672       0.0383975065
  6       -0.5183316398      -0.6450109558       0.0043306487
  6       -0.5523302722       0.2819731577       0.0824399695
  6       -1.2323707157       1.0447573286       0.0081635907
  6        2.7390786137       0.8838026542      -0.1703115267
  1       -1.0011767275       0.2638146075      -0.0951455235
  1       -0.1780011174       0.4187550524      -0.1782703147
  1        0.3599863330      -0.4756079914      -0.1847529272
  1       -0.5386577930      -0.2596933741       0.2103132788
  1       -0.2028152670       0.1440430180      -0.1630870832
  1        0.0520560761      -0.5502217304      -0.0802038134
FINAL HEAT OF FORMATION =      -849.7746402248  time =       0.5000000000
  6        1.0325096023      -0.0187733598       0.5279492958
  6       -0.1464643820      -0.9546267945       0.0507858964
  6       -0.4198862440      -0.5641319438       0.0048227164
  6       -0.5604769377       0.2104180519       0.0800670934
  6       -1.1540282561       1.0980169458       0.0035681538
  6        2.7548386807       0.8842575534      -0.1701660750
  1       -0.8938751181       0.2402486958      -0.0932168571
  1       -0.1488922798       0.3396281094      -0.1908393312
  1        0.3092765057      -0.5410933097      -0.1885220307
  1       -0.5986808442      -0.2525677638       0.2159516215
  1       -0.1922369997       0.1352264398      -0.1612409917
  1        0.0179162729      -0.5766026245      -0.0791594916
FINAL HEAT OF FORMATION =      -849.7746412293  time =       0.6000000000
  6        0.9191221970       0.0696406754       0.5277344490
  6       -0.2226593221      -0.9080910583       0.0633052872
  6       -0.3216871596      -0.4844310570       0.0049883395
  6       -0.5698253984       0.1393744933       0.0778984539
  6       -1.0751939241       1.1504470825      -0.0010463639
  6        2.7677947054       0.8830570666      -0.1698844008
  1       -0.7841945604       0.2159574153      -0.0913097347
  1       -0.1195269763       0.2599455340      -0.2035585094
  1        0.2591902000      -0.6050537200      -0.1919195332
  1       -0.6565993653      -0.2454977994       0.2213234478
  1       -0.1814694430       0.1260705338      -0.1593357164
  1       -0.0149509531      -0.6014191660      -0.0781957192
FINAL HEAT OF FORMATION =      -849.7746414779  time =       0.7000000000
  6        0.8036825685       0.1585363441       0.5274944108
  6       -0.2991293915      -0.8607713236       0.0759092842
  6       -0.2239257002      -0.4061314414       0.0048113709
  6       -0.5804779564       0.0689192241       0.0759454108
  6       -0.9959121057       1.2019672653      -0.0056717324
  6        2.7778478184       0.8801079412      -0.1694502023
  1       -0.6727039290       0.1910427032      -0.0894382695
  1       -0.0900346881       0.1800379885      -0.2163787394
  1        0.2098748215      -0.6672830699      -0.1949276136
  1       -0.7122699794      -0.2385031950       0.2264138295
  1       -0.1705304999       0.1166159256      -0.1573760096
  1       -0.0464209582      -0.6245383621      -0.0773317395
FINAL HEAT OF FORMATION =      -849.7746409832  time =       0.8000000000
  6        0.6867268247       0.2477451959       0.5272402754
  6       -0.3756901332      -0.8129599980       0.0885524507
  6       -0.1267846539      -0.3294411854       0.0042783563
  6       -0.5925266171      -0.0008724523       0.0742186685
  6       -0.9162279317       1.2524979489      -0.0103003943
  6        2.7849063580       0.8753217413      -0.1688470519
  1       -0.5599583104       0.1656066140      -0.0876150750
  1       -0.0605405832       0.1002242196      -0.2292515924
  1        0.1614684593      -0.7275904965      -0.1975315218
  1       -0.7655601366      -0.2316030780       0.2312090754
  1       -0.1594383767       0.1069038851      -0.1553665618
  1       -0.0763748991      -0.6458323945      -0.0765866293
FINAL HEAT OF FORMATION =      -849.7746397701  time =       0.9000000000
  6        0.5687722560       0.3370972852       0.5269816308
  6       -0.4521581118      -0.7649382869       0.1011908486
  6       -0.0304393843      -0.2545522593       0.0033776422
  6       -0.6060566271      -0.0699291371       0.0727282039
  6       -0.8361824424       1.3019609710      -0.0149249599
  6        2.7888844194       0.8686188986      -0.1680592190
  1       -0.4464940500       0.1397506220      -0.0858510043
  1       -0.0311652042       0.0208110098      -0.2421292886
  1        0.1140997004      -0.7858006612      -0.1997193224
  1       -0.8163475909      -0.2248157671       0.2356968480
  1       -0.1482118019       0.0969772462      -0.1533122611
  1       -0.1047011631      -0.6651799211      -0.0759791181
FINAL HEAT OF FORMATION =      -849.7746378739  time =       1.0000000000
  6        0.4503172102       0.4264260571       0.5267269323
  6       -0.5283563072      -0.7169743794       0.1137810672
  6        0.0649432179      -0.1816436042       0.0021010189
  6       -0.6211438421      -0.1381789794       0.0714825541
  6       -0.7558192250       1.3502785343      -0.0195375254
  6        2.7897068575       0.8599260672      -0.1670719527
  1       -0.3328264782       0.1135748380      -0.0841554431
  1       -0.0020238726      -0.0579091179      -0.2549653024
  1        0.0678882577      -0.8417527020      -0.2014818750
  1       -0.8645201821      -0.2181591412       0.2398660239
  1       -0.1368696527       0.0868794265      -0.1512179151
  1       -0.1312959834      -0.6824669991      -0.0755275829
FINAL HEAT OF FORMATION =      -849.7746353396  time =       1.1000000000
  6        0.3318351025       0.5155633049       0.5264833511
  6       -0.6041082043      -0.6693225689       0.1262811082
  6        0.1592015852      -0.1108762593       0.0004421494
  6       -0.6378582498      -0.2055573747       0.0704894338
  6       -0.6751757260       1.3973760655      -0.0241310047
  6        2.7873040729       0.8491810908      -0.1658704010
  1       -0.2194464421       0.0871773536      -0.0825362083
  1        0.0267735520      -0.1356578159      -0.2677142783
  1        0.0229447001      -0.8953004211      -0.2028125712
  1       -0.9099751062      -0.2116503366       0.2437066380
  1       -0.1254311577       0.0766548816      -0.1490884192
  1       -0.1560641267      -0.6975879199      -0.0752497979
FINAL HEAT OF FORMATION =      -849.7746322214  time =       1.2000000000
  6        0.2137754898       0.6043469201       0.5262570832
  6       -0.6792457441      -0.6222242641       0.1386510666
  6        0.2521838915      -0.0423999724      -0.0016031771
  6       -0.6562606654      -0.2719976067       0.0697557097
  6       -0.5942927075       1.4431782196      -0.0286981336
  6        2.7816188624       0.8363299138      -0.1644415724
  1       -0.1068187732       0.0606537043      -0.0809997762
  1        0.0551231230      -0.2121721538      -0.2803325869
  1       -0.0206288322      -0.9463114332      -0.2037072164
  1       -0.9526191915      -0.2053058599       0.2472100191
  1       -0.1139156551       0.0663487496      -0.1469286743
  1       -0.1789197976      -0.7104462172      -0.0751627416
FINAL HEAT OF FORMATION =      -849.7746285807  time =       1.3000000000
  6        0.0965605569       0.6926119944       0.5260526263
  6       -0.7536006139      -0.5759036883       0.1508524754
  6        0.3437412390       0.0236525359      -0.0040372825
  6       -0.6764066809      -0.3374415076       0.0692875188
  6       -0.5132045491       1.4876142460      -0.0332320074
  6        2.7726005634       0.8213318274      -0.1627725741
  1        0.0046191300       0.0340964026      -0.0795512118
  1        0.0829266720      -0.2872046179      -0.2927781793
  1       -0.0627383920      -0.9946667070      -0.2041637734
  1       -0.9923678916      -0.1991415985       0.2503684622
  1       -0.1023426794       0.0560065365      -0.1447435807
  1       -0.1997873542      -0.7209554236      -0.0752824736
FINAL HEAT OF FORMATION =      -849.7746244840  time =       1.4000000000
  6       -0.0194130934       0.7802078521       0.5258742766
  6       -0.8270194547      -0.5305750834       0.1628487034
  6        0.4337395385       0.0871555876      -0.0068602590
  6       -0.6983435723      -0.4018228701       0.0690896798
  6       -0.4319546179       1.5306106649      -0.0377253571
  6        2.7602162902       0.8041515436      -0.1608526228
  1        0.1144589958       0.0075941295      -0.0781945075
  1        0.1100921478      -0.3605235528      -0.3050111486
  1       -0.1032979409      -1.0402597179      -0.2041823186
  1       -1.0291449255      -0.1931730429       0.2531754681
  1       -0.0907316005       0.0456741163      -0.1425378975
  1       -0.2186017674      -0.7290396269      -0.0756240168
FINAL HEAT OF FORMATION =      -849.7746200007  time =       1.5000000000
  6       -0.1337792099       0.8669807281       0.5257248983
  6       -0.8993470511      -0.4864352814       0.1746055567
  6        0.5220448145       0.1480004617      -0.0100709983
  6       -0.7221128699      -0.4650858321       0.0691664379
  6       -0.3505781914       1.5720994959      -0.0421717816
  6        2.7444392705       0.7847691830      -0.1586716039
  1        0.2223219244      -0.0187680549      -0.0769323933
  1        0.1365336357      -0.4319128941      -0.3169932938
  1       -0.1422288498      -1.0829958803      -0.2037647724
  1       -1.0628821887      -0.1874149547       0.2556254615
  1       -0.0791020243       0.0353974887      -0.1403163199
  1       -0.2353092601      -0.7346344599      -0.0762011911
FINAL HEAT OF FORMATION =      -849.7746152038  time =       1.6000000000
  6       -0.2461989936       0.9527788043       0.5256068807
  6       -0.9704325059      -0.4436649421       0.1860903849
  6        0.6085282731       0.2060905722      -0.0136664635
  6       -0.7477516997      -0.5271783134       0.0695215547
  6       -0.2691079004       1.6120143371      -0.0465649075
  6        2.7252527923       0.7631793970      -0.1562214447
  1        0.3278583263      -0.0449092137      -0.0757666452
  1        0.1621710375      -0.5011725732      -0.3286886254
  1       -0.1794593012      -1.1227917591      -0.2029147668
  1       -1.0935191039      -0.1818815338       0.2577139726
  1       -0.0674734124       0.0252228560      -0.1380836285
  1       -0.2498675120      -0.7376876312      -0.0770263113
FINAL HEAT OF FORMATION =      -849.7746101664  time =       1.7000000000
  6       -0.3563604292       1.0374666344       0.5255217461
  6       -1.0401407300      -0.4024356084       0.1972729358
  6        0.6930752994       0.2613341232      -0.0176426322
  6       -0.7752887470      -0.5880404697       0.0701574638
  6       -0.1875873892       1.6502879268      -0.0508982518
  6        2.7026601757       0.7393817842      -0.1534949536
  1        0.4307482870      -0.0707530357      -0.0746981683
  1        0.1869305413      -0.5681175246      -0.3400632975
  1       -0.2149241332      -1.1595741272      -0.2016375140
  1       -1.1210019277      -0.1765866293       0.2594373105
  1       -0.0558647586       0.0151959223      -0.1358442141
  1       -0.2622461885      -0.7381589961      -0.0781104246
FINAL HEAT OF FORMATION =      -849.7746049624  time =       1.8000000000
  6       -0.4639818636       1.1208935797       0.5254705258
  6       -1.1083243603      -0.3628971275       0.2081248027
  6        0.7755620528       0.3136621016      -0.0219939071
  6       -0.8047510436      -0.6476340788       0.0710764256
  6       -0.1060402024       1.6868619683      -0.0551662209
  6        2.6766622048       0.7134017395      -0.1504870850
  1        0.5307003978      -0.0962273319      -0.0737268959
  1        0.2107440593      -0.6325779673      -0.3510853639
  1       -0.2485643107      -1.1932798631      -0.1999395984
  1       -1.1452844835      -0.1715432683       0.2607928467
  1       -0.0442953247       0.0053621234      -0.1336028070
  1       -0.2724271260      -0.7360218757      -0.0794627224
FINAL HEAT OF FORMATION =      -849.7745996652  time =       1.9000000000
  6       -0.5688042721       1.2029375167       0.5254537800
  6       -1.1748628905      -0.3251944811       0.2186200163
  6        0.8558867979       0.3629991694      -0.0267137743
  6       -0.8361567607      -0.7059002138       0.0722794349
  6       -0.0245121745       1.7216723691      -0.0593626188
  6        2.6472889294       0.6852627905      -0.1471947781
  1        0.6274514153      -0.1212647243      -0.0728523100
  1        0.2335489226      -0.6943984048      -0.3617253523
  1       -0.2803260111      -1.2238539882      -0.1978288295
  1       -1.1663263515      -0.1667642142       0.2617786679
  1       -0.0327834486      -0.0042338000      -0.1313633808
  1       -0.2804041561      -0.7312620194      -0.0810908551
FINAL HEAT OF FORMATION =      -849.7745943450  time =       2.0000000000
  6       -0.6705980393       1.2834616383       0.5254713962
  6       -1.2396225220      -0.2894526876       0.2287342182
  6        0.9339374989       0.4092932420      -0.0317949427
  6       -0.8695222755      -0.7628035084       0.0737676702
  6        0.0569705056       1.7546650088      -0.0634826414
  6        2.6145676273       0.6550146123      -0.1436157788
  1        0.7207649662      -0.1458021377      -0.0720730418
  1        0.2552882539      -0.7534372515      -0.3719556312
  1       -0.3101610120      -1.2512504850      -0.1953141446
  1       -1.1840937197      -0.1622615109       0.2623938391
  1       -0.0213475877      -0.0135477074      -0.1291302518
  1       -0.2861836956      -0.7238792130      -0.0830006914
FINAL HEAT OF FORMATION =      -849.7745890714  time =       2.1000000000
  6       -0.7691549504       1.3623436503       0.5255232516
  6       -1.3024857770      -0.2557879988       0.2384451685
  6        1.0096149605       0.4524929222      -0.0372284452
  6       -0.9048573721      -0.8182998350       0.0755407132
  6        0.1383713615       1.7857852841      -0.0675208636
  6        2.5785452777       0.6227129443      -0.1397507567
  1        0.8104298470      -0.1697809866      -0.0713873909
  1        0.2759101476      -0.8095660788      -0.3817507204
  1       -0.3380256663      -1.2754303160      -0.1924055408
  1       -1.1985587276      -0.1580467519       0.2626381175
  1       -0.0100053810      -0.0225366734      -0.1269074059
  1       -0.2897837199      -0.7138861604      -0.0851961273
FINAL HEAT OF FORMATION =      -849.7745839076  time =       2.2000000000
  6       -0.8642901079       1.4394712569       0.5256086091
  6       -1.3633429887      -0.2243067776       0.2477333050
  6        1.0828271622       0.4925521537      -0.0430060147
  6       -0.9421672154      -0.8723444758       0.0775983153
  6        0.2196504862       1.8149794316      -0.0714727175
  6        2.5392832468       0.5884245482      -0.1356017210
  1        0.8962596036      -0.1931471920      -0.0707931125
  1        0.2953676685      -0.8626689094      -0.3910872641
  1       -0.3638806152      -1.2963612055      -0.1891138017
  1       -1.2096989348      -0.1541310763       0.2625120112
  1        0.0012260100      -0.0311587489      -0.1246983636
  1       -0.2912343153      -0.7013090049      -0.0876792454
FINAL HEAT OF FORMATION =      -849.7745789137  time =       2.3000000000
  6       -0.9558407887       1.5147236008       0.5257267404
  6       -1.4220778901      -0.1950988509       0.2565795203
  6        1.1534750337       0.5294403804      -0.0491169843
  6       -0.9814540851      -0.9249081856       0.0799390580
  6        0.3007807976       1.8422018240      -0.0753333600
  6        2.4968440302       0.5522367710      -0.1311729418
  1        0.9780897698      -0.2158507375      -0.0702876470
  1        0.3136186373      -0.9126419362      -0.3999436826
  1       -0.3876904924      -1.3140173196      -0.1854505087
  1       -1.2174978365      -0.1505249592       0.2620168604
  1        0.0123299346      -0.0393735080      -0.1225069046
  1       -0.2905771104      -0.6861870792      -0.0904501500
FINAL HEAT OF FORMATION =      -849.7745741445  time =       2.4000000000
  6       -1.0436617881       1.5880011679       0.5258765894
  6       -1.4785953999      -0.1682509625       0.2649677402
  6        1.2214779401       0.5631227458      -0.0555512978
  6       -1.0227132528      -0.9759475317       0.0825612565
  6        0.3817180412       1.8674043600      -0.0790989114
  6        2.4513144057       0.5142387582      -0.1264703329
  1        1.0557770136      -0.2378456398      -0.0698681564
  1        0.3306252723      -0.9593917196      -0.4083004830
  1       -0.4094237611      -1.3283784666      -0.1814280230
  1       -1.2219443957      -0.1472383913       0.2611546706
  1        0.0232905537      -0.0471419337      -0.1203360609
  1       -0.2878646290      -0.6685723868      -0.0935069913
FINAL HEAT OF FORMATION =      -849.7745696489  time =       2.5000000000
  6       -1.1276291421       1.6591926970       0.5260570610
  6       -1.5327892529      -0.1438329598       0.2728830895
  6        1.2867445722       0.5935817180      -0.0622981355
  6       -1.0659381138      -1.0254394374       0.0854624815
  6        0.4624347527       1.8905481802      -0.0827656903
  6        2.4027782288       0.4745417783      -0.1215014587
  1        1.1291972009      -0.2590898103      -0.0695315849
  1        0.3463537694      -1.0028355659      -0.4161397402
  1       -0.4290519693      -1.3394295386      -0.1770591187
  1       -1.2230327784      -0.1442806474       0.2599281668
  1        0.0340926729      -0.0544269374      -0.1181890308
  1       -0.2831599406      -0.6485294768      -0.0968460396
FINAL HEAT OF FORMATION =      -849.7745654703  time =       2.6000000000
  6       -1.2076313212       1.7282091997       0.5262672351
  6       -1.5845746058      -0.1219126506       0.2803120296
  6        1.3492010362       0.6207931298      -0.0693456927
  6       -1.1111145657      -1.0733448308       0.0886396521
  6        0.5428848668       1.9115915384      -0.0863298908
  6        2.3513427498       0.4332569006      -0.1162763992
  1        1.1982437196      -0.2795447041      -0.0692747222
  1        0.3607744548      -1.0429002077      -0.4234454876
  1       -0.4465497503      -1.3471600224      -0.1723574066
  1       -1.2207627182      -0.1416606432       0.2583408028
  1        0.0447221131      -0.0611930633      -0.1160684977
  1       -0.2765359792      -0.6261346464      -0.1004616228
FINAL HEAT OF FORMATION =      -849.7745616471  time =       2.7000000000
  6       -1.2835756511       1.7949429818       0.5265054623
  6       -1.6338500561      -0.1025421348       0.2872429370
  6        1.4087587132       0.6447542704      -0.0766821149
  6       -1.1582277581      -1.1196508796       0.0920892136
  6        0.6230457883       1.9305052961      -0.0897888164
  6        2.2971055840       0.3905202322      -0.1108059928
  1        1.2628256201      -0.2991752468      -0.0690942425
  1        0.3738611349      -1.0795209984      -0.4302031082
  1       -0.4618947296      -1.3515641313      -0.1673365650
  1       -1.2151392448      -0.1393863565       0.2563967436
  1        0.0551653880      -0.0674074168      -0.1139771879
  1       -0.2680747888      -0.6014756164      -0.1043463287
FINAL HEAT OF FORMATION =      -849.7745582176  time =       2.8000000000
  6       -1.3553806255       1.8593070985       0.5267705703
  6       -1.6805336127      -0.0857699600       0.2936655665
  6        1.4653456502       0.6654557918      -0.0842954391
  6       -1.2072551083      -1.1643308095       0.0958072963
  6        0.7028766591       1.9472566306      -0.0931400734
  6        2.2401872997       0.3464671599      -0.1051032861
  1        1.3228662696      -0.3179494059      -0.0689867361
  1        0.3855907609      -1.1126417072      -0.4363997286
  1       -0.4750670566      -1.3526398859      -0.1620109731
  1       -1.2061729964      -0.1374653320       0.2541008184
  1        0.0654099299      -0.0730388805      -0.1119172481
  1       -0.2578671698      -0.5746506997      -0.1084907670
FINAL HEAT OF FORMATION =      -849.7745552176  time =       2.9000000000
  6       -1.4229773573       1.9212067235       0.5270616894
  6       -1.7245368937      -0.0716346875       0.2995702308
  6        1.5188837059       0.6829008399      -0.0921717938
  6       -1.2581716939      -1.2073730700       0.0997883838
  6        0.7823489296       1.9618228801      -0.0963806741
  6        2.1807046107       0.3012484795      -0.0991836826
  1        1.3783014934      -0.3358379570      -0.0689488060
  1        0.3959434811      -1.1422131838      -0.4420237385
  1       -0.4860492899      -1.3503890792      -0.1563952228
  1       -1.1938800881      -0.1359040538       0.2514585815
  1        0.0754442933      -0.0780590375      -0.1098908964
  1       -0.2460111910      -0.5457678542      -0.1128840714
FINAL HEAT OF FORMATION =      -849.7745526651  time =       3.0000000000
  6       -1.4862981033       1.9806010858       0.5273768124
  6       -1.7658236011      -0.0601858385       0.3049503681
  6        1.5693371642       0.6970642303      -0.1003000722
  6       -1.3109373898      -1.2487174059       0.1040279098
  6        0.8613827420       1.9741667270      -0.0995090605
  6        2.1188219579       0.2549908427      -0.0930625106
  1        1.4290775323      -0.3528146342      -0.0689771218
  1        0.4049026978      -1.1681930578      -0.4470655350
  1       -0.4948265724      -1.3448169258      -0.1505048746
  1       -1.1782828584      -0.1347089789       0.2484763071
  1        0.0852583868      -0.0824419819      -0.1078988769
  1       -0.2326119561      -0.5149440627      -0.1175133457
FINAL HEAT OF FORMATION =      -849.7745505724  time =       3.1000000000
  6       -1.5453010871       2.0373649239       0.5277155415
  6       -1.8042773968      -0.0514350260       0.3097979349
  6        1.6166045400       0.7079834656      -0.1086649331
  6       -1.3655226372      -1.2883961160       0.1085188481
  6        0.9399850294       1.9842858210      -0.1025235372
  6        2.0546394373       0.2078842050      -0.0867575043
  1        1.4751513389      -0.3688552010      -0.0690682729
  1        0.4124538613      -1.1905455990      -0.4515158218
  1       -0.5013861200      -1.3359327098      -0.1443547395
  1       -1.1594092575      -0.1338846849       0.2451609318
  1        0.0948425027      -0.0861646023      -0.1059436052
  1       -0.2177802110      -0.4823044764      -0.1223648423
FINAL HEAT OF FORMATION =      -849.7745489563  time =       3.2000000000
  6       -1.5999357181       2.0914585681       0.5280759598
  6       -1.8398645407      -0.0454175417       0.3141083420
  6        1.6606521545       0.7156459647      -0.1172541300
  6       -1.4218774975      -1.3263611329       0.1132552683
  6        1.0180809529       1.9921536243      -0.1054229806
  6        1.9883273090       0.1600710187      -0.0802870970
  1        1.5164871010      -0.3839377822      -0.0692190307
  1        0.4185854563      -1.2092407748      -0.4553674182
  1       -0.5057176420      -1.3237486205      -0.1379609140
  1       -1.1372940207      -0.1334357798       0.2415202627
  1        0.1041885052      -0.0892062730      -0.1040254078
  1       -0.2016320597      -0.4479812707      -0.1274228545
FINAL HEAT OF FORMATION =      -849.7745478203  time =       3.3000000000
  6       -1.6501687501       2.1427908390       0.5284573152
  6       -1.8725031206      -0.0421440030       0.3178766823
  6        1.7014072249       0.7200797691      -0.1260528428
  6       -1.4799552313      -1.3626221138       0.1182290568
  6        1.0956486660       1.9977664696      -0.1082067156
  6        1.9200164099       0.1117340727      -0.0736709147
  1        1.5530563000      -0.3980423617      -0.0694261657
  1        0.4232880015      -1.2242538623      -0.4586137934
  1       -0.5078130663      -1.3082808024      -0.1313391038
  1       -1.1119782477      -0.1333653237       0.2375627541
  1        0.1132892433      -0.0915496809      -0.1021454348
  1       -0.1842874298      -0.4121130026      -0.1326708376
FINAL HEAT OF FORMATION =      -849.7745471650  time =       3.4000000000
  6       -1.6959642650       2.1913161490       0.5288582949
  6       -1.9021548576      -0.0416353938       0.3210994866
  6        1.7388326814       0.7212898110      -0.1350468164
  6       -1.5396948898      -1.3971502542       0.1234323284
  6        1.1726240370       2.0011114943      -0.1108739465
  6        1.8498743524       0.0630314840      -0.0669299824
  1        1.5848362274      -0.4111507474      -0.0696866216
  1        0.4265543272      -1.2355649173      -0.4612498807
  1       -0.5076667644      -1.2895485064      -0.1245058798
  1       -1.0835102464      -0.1336756228       0.2332976718
  1        0.1221389858      -0.0931803441      -0.1003038363
  1       -0.1658695878      -0.3748431523      -0.1380908179
FINAL HEAT OF FORMATION =      -849.7745469863  time =       3.5000000000
  6       -1.7372985948       2.2369455248       0.5292779521
  6       -1.9287426225      -0.0438903687       0.3237737323
  6        1.7728608928       0.7193154818      -0.1442214792
  6       -1.6010364803      -1.4299641586       0.1288561782
  6        1.2489867913       2.0021940799      -0.1134250667
  6        1.7780345063       0.0141541419      -0.0600847967
  1        1.6118086839      -0.4232460296      -0.0699974192
  1        0.4283793091      -1.2431591274      -0.4632713104
  1       -0.5052756593      -1.2675753063      -0.1174773272
  1       -1.0519455185      -0.1343676963       0.2287350611
  1        0.1307327158      -0.0940868361      -0.0985012123
  1       -0.1465040238      -0.3363197054      -0.1436643120
FINAL HEAT OF FORMATION =      -849.7745472842  time =       3.6000000000
  6       -1.7741454572       2.2796316506       0.5297151011
  6       -1.9522286756      -0.0489176664       0.3258976617
  6        1.8034567653       0.7141750133      -0.1535611762
  6       -1.6639060032      -1.4610481420       0.1344908194
  6        1.3246782604       2.0010129802      -0.1158602476
  6        1.7046626484      -0.0347306761      -0.0531576170
  1        1.6339599513      -0.4343128805      -0.0703557324
  1        0.4287601094      -1.2470258166      -0.4646751752
  1       -0.5006392561      -1.2423881521      -0.1102705476
  1       -1.0173476206      -0.1354414145       0.2238857630
  1        0.1390670934      -0.0942612204      -0.0967372606
  1       -0.1263178155      -0.2966936754      -0.1493715887
FINAL HEAT OF FORMATION =      -849.7745480474  time =       3.7000000000
  6       -1.8064832705       2.3193184226       0.5301686983
  6       -1.9725692173      -0.0567171154       0.3274700742
  6        1.8305825771       0.7059009448      -0.1630506166
  6       -1.7282226947      -1.4903999048       0.1403257128
  6        1.3996501860       1.9975728325      -0.1181799485
  6        1.6299158636      -0.0834484428      -0.0461706344
  1        1.6512787124      -0.4443370536      -0.0707588328
  1        0.4276954511      -1.2471586817      -0.4654593564
  1       -0.4937603764      -1.2140187633      -0.1029025523
  1       -0.9797883451      -0.1368954374       0.2187615229
  1        0.1471396949      -0.0936983144      -0.0950115746
  1       -0.1054385810      -0.2561184864      -0.1551924926
FINAL HEAT OF FORMATION =      -849.7745492610  time =       3.8000000000
  6       -1.8342937000       2.3559511977       0.5306373447
  6       -1.9897218761      -0.0672828380       0.3284917458
  6        1.8542021003       0.6945301312      -0.1726743895
  6       -1.7938984831      -1.5180228354       0.1463496755
  6        1.4738548177       1.9918851804      -0.1203853346
  6        1.5539506553      -0.1318240415      -0.0391463111
  1        1.6637568052      -0.4533055646      -0.0712041541
  1        0.4251864882      -1.2435559844      -0.4656229304
  1       -0.4846444623      -1.1825030266      -0.0953906696
  1       -0.9393478582      -0.1387269026       0.2133748427
  1        0.1549493149      -0.0923963346      -0.0933235136
  1       -0.0839938019      -0.2147489815      -0.1611063059
FINAL HEAT OF FORMATION =      -849.7745509019  time =       3.9000000000
  6       -1.8575561862       2.3894925354       0.5311206115
  6       -2.0036625656      -0.0806108433       0.3289624368
  6        1.8742971326       0.6800967922      -0.1824160361
  6       -1.8608331116      -1.5439083327       0.1525505064
  6        1.5472296004       1.9839601517      -0.1224774326
  6        1.4769335630      -0.1796935178      -0.0321075735
  1        1.6713870510      -0.4612060982      -0.0716893576
  1        0.4212360303      -1.2362197610      -0.4651660193
  1       -0.4733010461      -1.1478818829      -0.0877525543
  1       -0.8961161850      -0.1409316897       0.2077391368
  1        0.1624961044      -0.0903569612      -0.0916719205
  1       -0.0621103871      -0.1727403924      -0.1670917977
FINAL HEAT OF FORMATION =      -849.7745529539  time =       4.0000000000
  6       -1.8762627043       2.4198546908       0.5316174434
  6       -2.0143227086      -0.0966726228       0.3288837522
  6        1.8908125643       0.6626746547      -0.1922585469
  6       -1.9289249149      -1.5681017551       0.1589151557
  6        1.6197613011       1.9738289900      -0.1244583503
  6        1.3989897338      -0.2268616823      -0.0250765604
  1        1.6741650588      -0.4680272847      -0.0722120659
  1        0.4158489419      -1.2251569597      -0.4640893079
  1       -0.4597427241      -1.1102019588      -0.0800057314
  1       -0.8501923345      -0.1435035908       0.2018687779
  1        0.1697808019      -0.0875848150      -0.0900565194
  1       -0.0399130153      -0.1302476664      -0.1731280472
FINAL HEAT OF FORMATION =      -849.7745554059  time =       4.1000000000
  6       -1.8903922498       2.4470269313       0.5321267045
  6       -2.0217065506      -0.1154616234       0.3282580563
  6        1.9037590961       0.6422961691      -0.2021849808
  6       -1.9980518609      -1.5905797115       0.1654300288
  6        1.6913649370       1.9615029707      -0.1263295406
  6        1.3202997469      -0.2731845710      -0.0180763777
  1        1.6720864253      -0.4737585819      -0.0727702414
  1        0.4090323993      -1.2103786962      -0.4623952825
  1       -0.4439873322      -1.0695154844      -0.0721686724
  1       -0.8016855741      -0.1464351536       0.1957788480
  1        0.1768059650      -0.0840876180      -0.0884752007
  1       -0.0175250019      -0.0874246313      -0.1791933415
FINAL HEAT OF FORMATION =      -849.7745582209  time =       4.2000000000
  6       -1.8999310143       2.4709764697       0.5326470713
  6       -2.0257994411      -0.1369572624       0.3270892250
  6        1.9131329454       0.6190169124      -0.2121786453
  6       -2.0680841946      -1.6113458736       0.1720803766
  6        1.7619790613       1.9470057069      -0.1280930526
  6        1.2410214953      -0.3185064337      -0.0111288365
  1        1.6651493260      -0.4783904222      -0.0733618946
  1        0.4007958039      -1.1919009932      -0.4600872934
  1       -0.4260568107      -1.0258812995      -0.0642597775
  1       -0.7507161019      -0.1497171251       0.1894853856
  1        0.1835752326      -0.0798767819      -0.0869262491
  1        0.0049336981      -0.0444228974      -0.1852663096
FINAL HEAT OF FORMATION =      -849.7745613343  time =       4.3000000000
  6       -1.9048617279       2.4916922099       0.5331783566
  6       -2.0266089038      -0.1611400595       0.3253809364
  6        1.9189532905       0.5928875018      -0.2222216873
  6       -2.1388804301      -1.6303894395       0.1788509181
  6        1.8315239245       1.9303585495      -0.1297511361
  6        1.1613256259      -0.3626890317      -0.0042563242
  1        1.6533513463      -0.4819137291      -0.0739852510
  1        0.3911505750      -1.1697446063      -0.4571699368
  1       -0.4059783005      -0.9793648481      -0.0562983662
  1       -0.6974140072      -0.1533382987       0.1830055090
  1        0.1900927940      -0.0749663558      -0.0854075777
  1        0.0273458134      -0.0013918924      -0.1913254408
FINAL HEAT OF FORMATION =      -849.7745647288  time =       4.4000000000
  6       -1.9051895235       2.5090487421       0.5337189295
  6       -2.0240382099      -0.1879442886       0.3231381029
  6        1.9211528217       0.5640415495      -0.2322942860
  6       -2.2103012229      -1.6478136420       0.1857241605
  6        1.9000266551       1.9116242598      -0.1313071873
  6        1.0812902591      -0.4055232443       0.0025210927
  1        1.6366928792      -0.4843199457      -0.0746386131
  1        0.3801104653      -1.1439366314      -0.4536481084
  1       -0.3837845794      -0.9300400781      -0.0483014397
  1       -0.6419218794      -0.1572849400       0.1763568243
  1        0.1963639558      -0.0693736903      -0.0839186520
  1        0.0495983790       0.0415219090      -0.1973508232
FINAL HEAT OF FORMATION =      -849.7745683865  time =       4.5000000000
  6       -1.9008952448       2.5230766836       0.5342678735
  6       -2.0181377405      -0.2173510536       0.3203673815
  6        1.9197945598       0.5325236119      -0.2423793655
  6       -2.2821774612      -1.6635792131       0.1926836282
  6        1.9673731773       1.8908195161      -0.1327633097
  6        1.0011057627      -0.4469058004       0.0091821537
  1        1.6151750706      -0.4856019027      -0.0753204608
  1        0.3676922991      -1.1145092047      -0.4495292449
  1       -0.3595148452      -0.8779881775      -0.0402890274
  1       -0.5843929398      -0.1615419369       0.1695580283
  1        0.2023953904      -0.0631189276      -0.0824563429
  1        0.0715819717       0.0841764050      -0.2033213140
FINAL HEAT OF FORMATION =      -849.7745722474  time =       4.6000000000
  6       -1.8919680898       2.5337719167       0.5348242036
  6       -2.0089286661      -0.2493217535       0.3170764504
  6        1.9149202224       0.4984111879      -0.2524582801
  6       -2.3543321390      -1.6776851632       0.1997112253
  6        2.0334829030       1.8679767395      -0.1341221756
  6        0.9209299945      -0.4867156340       0.0157065259
  1        1.5888010936      -0.4857532394      -0.0760294545
  1        0.3539156632      -1.0815011906      -0.4448218607
  1       -0.3332150509      -0.8232995095      -0.0322806217
  1       -0.5249923363      -0.1660918942       0.1626285879
  1        0.2081946455      -0.0562250431      -0.0810179144
  1        0.0931917599       0.1264335834      -0.2092166862
FINAL HEAT OF FORMATION =      -849.7745762819  time =       4.7000000000
  6       -1.8784181632       2.5410291311       0.5353870067
  6       -1.9963384590      -0.2837743418       0.3132727109
  6        1.9064966716       0.4618580318      -0.2625100670
  6       -2.4265914131      -1.6902337610       0.2067876359
  6        2.0983731988       1.8431654754      -0.1353882553
  6        0.8408368180      -0.5247705506       0.0220764882
  1        1.5575766774      -0.4847678887      -0.0767642896
  1        0.3388026026      -1.0449586405      -0.4395349318
  1       -0.3049378652      -0.7660741048      -0.0242943647
  1       -0.4638970863      -0.1709145843       0.1555889320
  1        0.2137691697      -0.0487179819      -0.0796026636
  1        0.1143278487       0.1681592152      -0.2150182017
FINAL HEAT OF FORMATION =      -849.7745804569  time =       4.8000000000
  6       -1.8602294451       2.5449164784       0.5359550235
  6       -1.9804601701      -0.3206778496       0.3089670715
  6        1.8946363847       0.4229202508      -0.2725168047
  6       -2.4987457250      -1.7011683706       0.2138936628
  6        2.1619012296       1.8164035982      -0.1365634850
  6        0.7610256869      -0.5610067273       0.0282725274
  1        1.5215103484      -0.4826420203      -0.0775239006
  1        0.3223793272      -1.0049349590      -0.4336804946
  1       -0.2747447483      -0.7064215515      -0.0163507523
  1       -0.4012961601      -0.1759882371       0.1484598395
  1        0.2191287078      -0.0406259493      -0.0782064216
  1        0.1348945640       0.2092253373      -0.2207062659
FINAL HEAT OF FORMATION =      -849.7745847118  time =       4.9000000000
  6       -1.8374127366       2.5453783454       0.5365272422
  6       -1.9612733704      -0.3599489835       0.3041702872
  6        1.8793610961       0.3817454211      -0.2824584557
  6       -2.5705916915      -1.7105555514       0.2210088264
  6        2.2240440556       1.7877520477      -0.1376516705
  6        0.6815939440      -0.5952844857       0.0342781474
  1        1.4806147131      -0.4793722670      -0.0783073113
  1        0.3046748711      -0.9614921606      -0.4272710898
  1       -0.2427049481      -0.6444625136      -0.0084685419
  1       -0.3373903263      -0.1812882700       0.1412631272
  1        0.2242826158      -0.0319798441      -0.0768274169
  1        0.1548017774       0.2495082616      -0.2262631442
FINAL HEAT OF FORMATION =      -849.7745889842  time =       5.0000000000
  6       -1.8099692127       2.5424451646       0.5371027365
  6       -1.9388400911      -0.4015235415       0.2988953245
  6        1.8607676688       0.3384404739      -0.2923155034
  6       -2.6419026069      -1.7183872982       0.2281126630
  6        2.2847010133       1.7572487261      -0.1386561870
  6        0.6026971446      -0.6275263473       0.0400762881
  1        1.4349069664      -0.4749572526      -0.0791136705
  1        0.2857225252      -0.9147010684      -0.4203216535
  1       -0.2088969948      -0.5803284766      -0.0006677088
  1       -0.2723919803      -0.1867879345       0.1340210847
  1        0.2292414045      -0.0228126724      -0.0754623974
  1        0.1739641631       0.2888902271      -0.2316709762
FINAL HEAT OF FORMATION =      -849.7745932448  time =       5.1000000000
  6       -1.7779291079       2.5360158009       0.5376800596
  6       -1.9131017872      -0.4452805920       0.2931558107
  6        1.8388569876       0.2932105119      -0.3020666313
  6       -2.7124596498      -1.7247873068       0.2351825144
  6        2.3438986148       1.7249766859      -0.1395810862
  6        0.5243820906      -0.6575737430       0.0456532181
  1        1.3844102869      -0.4693967710      -0.0799422988
  1        0.2655588527      -0.8646428311      -0.4128478022
  1       -0.1734087345      -0.5141631134       0.0070345960
  1       -0.2065249789      -0.1924574629       0.1267561642
  1        0.2340157523      -0.0131598785      -0.0741102550
  1        0.1923016735       0.3272586999      -0.2369142895
FINAL HEAT OF FORMATION =      -849.7745974412  time =       5.2000000000
  6       -1.7412920528       2.5262249235       0.5382583526
  6       -1.8842231730      -0.4911688061       0.2869684161
  6        1.8138257269       0.2461251309      -0.3116939924
  6       -2.7820009549      -1.7296616805       0.2421979248
  6        2.4014473965       1.6909474772      -0.1404287406
  6        0.4468679213      -0.6854269428       0.0509928810
  1        1.3291545022      -0.4626935164      -0.0807925120
  1        0.2442259528      -0.8114084091      -0.4048690483
  1       -0.1363384483      -0.4461215040       0.0146168426
  1       -0.1400237992      -0.1982659208       0.1194919623
  1        0.2386175439      -0.0030584917      -0.0727661860
  1        0.2097393845       0.3645077398      -0.2419759002
FINAL HEAT OF FORMATION =      -849.7746014948  time =       5.3000000000
  6       -1.7001028212       2.5129847137       0.5388363142
  6       -1.8521629199      -0.5390472388       0.2803505286
  6        1.7857017314       0.1974118478      -0.3211764543
  6       -2.8502862346      -1.7331355249       0.2491356801
  6        2.4573701980       1.6552470967      -0.1412035777
  6        0.3701948064      -0.7109465914       0.0560833744
  1        1.2691778670      -0.4548515427      -0.0816638803
  1        0.2217694035      -0.7551010064      -0.3964049704
  1       -0.0977945194      -0.3763718344       0.0220623875
  1       -0.0731334227      -0.2041786626       0.1122515900
  1        0.2430583501       0.0074523718      -0.0714290491
  1        0.2262075613       0.4005363712      -0.2468419429
FINAL HEAT OF FORMATION =      -849.7746053743  time =       5.4000000000
  6       -1.6543981030       2.4963250898       0.5394128442
  6       -1.8169923095      -0.5888018562       0.2733214810
  6        1.7546150106       0.1472387741      -0.3304947152
  6       -2.9170500140      -1.7352290200       0.2559736272
  6        2.5115853761       1.6179271212      -0.1419088598
  6        0.2944842512      -0.7340743249       0.0609122539
  1        1.2045281148      -0.4458779483      -0.0825559767
  1        0.1982401285      -0.6958355896      -0.3874781536
  1       -0.0578963570      -0.3050947694       0.0293528444
  1       -0.0061082002      -0.2101595173       0.1050588037
  1        0.2473504286       0.0183321001      -0.0700959157
  1        0.2416416738       0.4352499408      -0.2514982334
FINAL HEAT OF FORMATION =      -849.7746090382  time =       5.5000000000
  6       -1.6042289142       2.4762622965       0.5399868783
  6       -1.7787722939      -0.6402994437       0.2659027256
  6        1.7206933878       0.0957994208      -0.3396295316
  6       -2.9820209084      -1.7359824698       0.2626890829
  6        2.5640290016       1.5790462209      -0.1425481875
  6        0.2198385944      -0.7547476608       0.0654687904
  1        1.1352641058      -0.4357826597      -0.0834684573
  1        0.1736941710      -0.6337402256      -0.3781132438
  1       -0.0167745704      -0.2324838950       0.0364707327
  1        0.0607890074      -0.2161699204       0.0979372043
  1        0.2515062951       0.0295386668      -0.0687642534
  1        0.2559821237       0.4685596700      -0.2559317407
FINAL HEAT OF FORMATION =      -849.7746124244  time =       5.6000000000
  6       -1.5496527705       2.4528572178       0.5405570533
  6       -1.7376074171      -0.6934070989       0.2581181260
  6        1.6841085024       0.0432751959      -0.3485627795
  6       -3.0449151831      -1.7354017183       0.2692601671
  6        2.6146018239       1.5386523078      -0.1431247139
  6        0.1463851662      -0.7729368514       0.0697423825
  1        1.0614573007      -0.4245790901      -0.0844011434
  1        0.1481930689      -0.5689566209      -0.3683374286
  1        0.0254286552      -0.1587455301       0.0433986362
  1        0.1272877821      -0.2221693221       0.0909104718
  1        0.2555388157       0.0410288274      -0.0674309280
  1        0.2691742556       0.5003826828      -0.2601298437
FINAL HEAT OF FORMATION =      -849.7746154764  time =       5.7000000000
  6       -1.4907544168       2.4260973071       0.5411223416
  6       -1.6935356726      -0.7479502431       0.2499929206
  6        1.6449816362      -0.0100889999      -0.3572758098
  6       -3.1054538487      -1.7335697198       0.2756640214
  6        2.6632797576       1.4968187312      -0.1436418540
  6        0.0741851185      -0.7885679203       0.0737246877
  1        0.9831935828      -0.4122839705      -0.0853537907
  1        0.1218035350      -0.5016410669      -0.3581795878
  1        0.0685598613      -0.0840991174       0.0501215907
  1        0.1931115376      -0.2281149443       0.0840015746
  1        0.2594607071       0.0527583084      -0.0660941974
  1        0.2811682018       0.5306416355      -0.2640818968
FINAL HEAT OF FORMATION =      -849.7746181676  time =       5.8000000000
  6       -1.4276278115       2.3960233291       0.5416813238
  6       -1.6466457309      -0.8037566914       0.2415547540
  6        1.6034834740      -0.0640650857      -0.3657513181
  6       -3.1633470092      -1.7305274254       0.2818787550
  6        2.7099965516       1.4536054289      -0.1441028354
  6        0.0033305829      -0.8016046182       0.0774079538
  1        0.9005749497      -0.3989182213      -0.0863263376
  1        0.0945982561      -0.4319649789      -0.3476711814
  1        0.1124539810      -0.0087762506       0.0566245848
  1        0.2579790221      -0.2339623826       0.0772334372
  1        0.2632848386       0.0646818727      -0.0647517027
  1        0.2919188955       0.5592650234      -0.2677774333
FINAL HEAT OF FORMATION =      -849.7746204600  time =       5.9000000000
  6       -1.3603813409       2.3627002319       0.5422330007
  6       -1.5970522789      -0.8606447182       0.2328335160
  6        1.5598128185      -0.1184241452      -0.3739729868
  6       -3.2182983372      -1.7262994039       0.2878829726
  6        2.7546687571       1.4090660985      -0.1445107793
  6       -0.0660762698      -0.8120299801       0.0807851714
  1        0.8137210012      -0.3845073031      -0.0873186750
  1        0.0666559850      -0.3601151239      -0.3368462786
  1        0.1569343269       0.0669791607       0.0628935259
  1        0.3216054090      -0.2396658298       0.0706282401
  1        0.2670241204       0.0767538733      -0.0634008375
  1        0.3013858088       0.5861871399      -0.2712068696
FINAL HEAT OF FORMATION =      -849.7746223111  time =       6.0000000000
  6       -1.2891472725       2.3261754443       0.5427758829
  6       -1.5448532116      -0.9184091256       0.2238611341
  6        1.5141600382      -0.1729099672      -0.3819256040
  6       -3.2700155641      -1.7209361882       0.2936562566
  6        2.7972395085       1.3632632552      -0.1448684710
  6       -0.1339584790      -0.8198165737       0.0838504208
  1        0.7227713976      -0.3690814800      -0.0883307394
  1        0.0380612333      -0.2862945783      -0.3257409635
  1        0.2018133245       0.1429120127       0.0689161219
  1        0.3837049158      -0.2451780239       0.0642073352
  1        0.2706914295       0.0889278979      -0.0620396130
  1        0.3095326797       0.6113473270      -0.2743617606
FINAL HEAT OF FORMATION =      -849.7746236914  time =       6.1000000000
  6       -1.2140793126       2.2865040679       0.5433091044
  6       -1.4901556122      -0.9768296261       0.2146714424
  6        1.4667279755      -0.2272558906      -0.3895952210
  6       -3.3182051817      -1.7144877882       0.2991787893
  6        2.8376514525       1.3162586425      -0.1451787863
  6       -0.2002422885      -0.8249443324       0.0865987317
  1        0.6278868088      -0.3526761161      -0.0893624290
  1        0.0089047560      -0.2107227386      -0.3143936822
  1        0.2468926332       0.2187564505       0.0746814606
  1        0.4439917605      -0.2504506638       0.0579911692
  1        0.2742992760       0.1011574400      -0.0606661357
  1        0.3163277327       0.6346905548      -0.2772344434
FINAL HEAT OF FORMATION =      -849.7746245659  time =       6.2000000000
  6       -1.1353494003       2.2437794946       0.5438308577
  6       -1.4331020033      -1.0356803246       0.2053007924
  6        1.4177545014      -0.2812045299      -0.3969689812
  6       -3.3625730094      -1.7069769402       0.3044317065
  6        2.8758212860       1.2681041497      -0.1454443659
  6       -0.2648358741      -0.8274192638       0.0890264511
  1        0.5292515399      -0.3353324538      -0.0904136175
  1       -0.0207167357      -0.1336354243      -0.3028452946
  1        0.2919637423       0.2942371635       0.0801797495
  1        0.5021826717      -0.2554349765       0.0519989505
  1        0.2778601522       0.1133960095      -0.0592781930
  1        0.3217431293       0.6561670958      -0.2798180554
FINAL HEAT OF FORMATION =      -849.7746249190  time =       6.3000000000
  6       -1.0531644596       2.1980377651       0.5443400131
  6       -1.3737824940      -1.0946977929       0.1957866882
  6        1.3674359325      -0.3344486741      -0.4040354051
  6       -3.4028381242      -1.6984878242       0.3093972945
  6        2.9117277762       1.2188720593      -0.1456678502
  6       -0.3277014127      -0.8272107124       0.0911304774
  1        0.4270744880      -0.3170973026      -0.0914840559
  1       -0.0507006546      -0.0552853345      -0.2911382093
  1        0.3368091392       0.3690703267       0.0854040336
  1        0.5579986211      -0.2600813760       0.0462487315
  1        0.2813860136       0.1255968483      -0.0578747645
  1        0.3257551744       0.6757320172      -0.2821069531
FINAL HEAT OF FORMATION =      -849.7746247415  time =       6.4000000000
  6       -0.9677441293       2.1494095224       0.5448348102
  6       -1.3123746747      -1.1536330344       0.1861694594
  6        1.3160462791      -0.3867286127      -0.4107854492
  6       -3.4387142662      -1.6890234376       0.3140595641
  6        2.9452712189       1.1686058521      -0.1458508105
  6       -0.3887397320      -0.8243494474       0.0929083148
  1        0.3215912439      -0.2980241705      -0.0925735057
  1       -0.0809384373       0.0240590048      -0.2793175811
  1        0.3812026073       0.4429655482       0.0903477848
  1        0.6111673108      -0.2643407357       0.0407568572
  1        0.2848887297       0.1377139096      -0.0564536531
  1        0.3283438499       0.6933456012      -0.2840957909
FINAL HEAT OF FORMATION =      -849.7746240147  time =       6.5000000000
  6       -0.8793449942       2.0979769326       0.5453138394
  6       -1.2490105812      -1.2122026920       0.1764903921
  6        1.2638228446      -0.4377426492      -0.4172113108
  6       -3.4699327545      -1.6786395216       0.3184039965
  6        2.9764067859       1.1173664047      -0.1459958243
  6       -0.4478994882      -0.8188350353       0.0943587422
  1        0.2130654413      -0.2781729525      -0.0936814628
  1       -0.1113160937       0.1041127746      -0.2674297619
  1        0.4249111196       0.5156267984       0.0950073669
  1        0.6614251151      -0.2681641378       0.0355381682
  1        0.2883796471       0.1497012334      -0.0550137502
  1        0.3294929580       0.7089728447      -0.2857803951
FINAL HEAT OF FORMATION =      -849.7746227385  time =       6.6000000000
  6       -0.7882502695       2.0438437947       0.5457753565
  6       -1.1838407703      -1.2701135494       0.1667925149
  6        1.2110192174      -0.4871943240      -0.4233070623
  6       -3.4962336493      -1.6673789638       0.3224172200
  6        3.0050793560       1.0652097453      -0.1461044823
  6       -0.5051234497      -0.8106807119       0.0954810870
  1        0.1017896130      -0.2576102409      -0.0948073147
  1       -0.1417142892       0.1845758419      -0.2555228762
  1        0.4676956762       0.5867547834       0.0993810580
  1        0.7085191762      -0.2715033551       0.0306057104
  1        0.2918696065       0.1615135734      -0.0535538525
  1        0.3291897828       0.7225834064      -0.2871573590
FINAL HEAT OF FORMATION =      -849.7746209422  time =       6.7000000000
  6       -0.6947769462       1.9870977237       0.5462169410
  6       -1.1169992087      -1.3270509625       0.1571199437
  6        1.1578741441      -0.5347690868      -0.4290687707
  6       -3.5173741777      -1.6553068507       0.3260879353
  6        3.0312597579       1.0121973668      -0.1461786132
  6       -0.5603787843      -0.7998875979       0.0962764108
  1       -0.0119130543      -0.2364096501      -0.0959501079
  1       -0.1720091274       0.2651336057      -0.2436460522
  1        0.5093131696       0.6560485923       0.1034697370
  1        0.7522099852      -0.2743113123       0.0259704300
  1        0.2953688745       0.1731064287      -0.0520734145
  1        0.3274253673       0.7341517430      -0.2882244394
FINAL HEAT OF FORMATION =      -849.7746186380  time =       6.8000000000
  6       -0.5992574090       1.9279315850       0.5466368131
  6       -1.0487163076      -1.3827214840       0.1475180849
  6        1.1047075636      -0.5802134808      -0.4344951803
  6       -3.5331135759      -1.6423956009       0.3294073769
  6        3.0548298806       0.9583594682      -0.1462191168
  6       -0.6135613884      -0.7865249882       0.0967441984
  1       -0.1276889483      -0.2146520572      -0.0971087450
  1       -0.2020718379       0.3454585216      -0.2318503283
  1        0.5495175841       0.7232081340       0.1072746922
  1        0.7922730811      -0.2765431499       0.0216416822
  1        0.2988875392       0.1844362050      -0.0505704860
  1        0.3241938185       0.7436568472      -0.2889789914
FINAL HEAT OF FORMATION =      -849.7746158387  time =       6.9000000000
  6       -0.5020741547       1.8664238262       0.5470326370
  6       -0.9791123388      -1.4367787511       0.1380324379
  6        1.0517416831      -0.6231993437      -0.4395864197
  6       -3.5432458096      -1.6287315576       0.3323677591
  6        3.0757894143       0.9037635840      -0.1462274994
  6       -0.6646668069      -0.7705864684       0.0968868754
  1       -0.2451528252      -0.1924248829      -0.0982816577
  1       -0.2317706176       0.4252106196      -0.2201862674
  1        0.5880625400       0.7879360728       0.1108016492
  1        0.8285014592      -0.2781553037       0.0176263730
  1        0.3024345292       0.1954602706      -0.0490453431
  1        0.3194929270       0.7510819342      -0.2894205442
FINAL HEAT OF FORMATION =      -849.7746125771  time =       7.0000000000
  6       -0.4036254273       1.8027577093       0.5474013811
  6       -0.9084024661      -1.4889007929       0.1287094822
  6        0.9992763177      -0.6634644913      -0.4443453117
  6       -3.5475710076      -1.6143069512       0.3349642155
  6        3.0940494016       0.8484439693      -0.1462043970
  6       -0.7136203148      -0.7521320580       0.0967064695
  1       -0.3638883064      -0.1698228898      -0.0994669924
  1       -0.2609701211       0.5040398758      -0.2087056126
  1        0.6247025213       0.8499406510       0.1140569310
  1        0.8607072870      -0.2791072835       0.0139291003
  1        0.3060187241       0.2061372208      -0.0474968329
  1        0.3133233917       0.7564150404      -0.2895484330
FINAL HEAT OF FORMATION =      -849.7746088832  time =       7.1000000000
  6       -0.3043496690       1.7370628980       0.5477397904
  6       -0.8367476365      -1.5387371057       0.1195950290
  6        0.9475583083      -0.7007153293      -0.4487764258
  6       -3.5459194860      -1.5991701314       0.3371933932
  6        3.1095821704       0.7924535685      -0.1461505734
  6       -0.7603990975      -0.7311862680       0.0962061488
  1       -0.4834482015      -0.1469471531      -0.1006622894
  1       -0.2895331790       0.5815878428      -0.1974594255
  1        0.6591956838       0.9089376516       0.1170501660
  1        0.8887238534      -0.2793611238       0.0105524907
  1        0.3096478447       0.2164269357      -0.0459249703
  1        0.3056894089       0.7596482148      -0.2893633337
FINAL HEAT OF FORMATION =      -849.7746048148  time =       7.2000000000
  6       -0.2047117897       1.6694919438       0.5480443921
  6       -0.7643260682      -1.5859380307       0.1107345229
  6        0.8968424909      -0.7346774176      -0.4528861934
  6       -3.5381428658      -1.5833515654       0.3390541661
  6        3.1223471737       0.7358380332      -0.1460665446
  6       -0.8049725189      -0.7077873274       0.0953894945
  1       -0.6033554822      -0.1239051186      -0.1018646631
  1       -0.3173211613       0.6574897435      -0.1864983679
  1        0.6913056028       0.9646533214       0.1197926756
  1        0.9124071600      -0.2788822944       0.0074968407
  1        0.3133290760       0.2262906444      -0.0443298060
  1        0.2965983827       0.7607780677      -0.2888665167
FINAL HEAT OF FORMATION =      -849.7746004351  time =       7.3000000000
  6       -0.1052020862       1.6002229914       0.5483112044
  6       -0.6913351793      -1.6301577501       0.1021726908
  6        0.8473916449      -0.7651011460      -0.4566837273
  6       -3.5241140468      -1.5668601501       0.3405477695
  6        3.1322891925       0.6786346933      -0.1459527104
  6       -0.8473003907      -0.6819890439       0.0942608231
  1       -0.7231047707      -0.1008101018      -0.1030706238
  1       -0.3441950356       0.7313770534      -0.1758722261
  1        0.7208035906       1.0168267559       0.1222976962
  1        0.9316373146      -0.2776400227       0.0047601130
  1        0.3170689902       0.2356911244      -0.0427111482
  1        0.2860607766       0.7598055962      -0.2880598613
FINAL HEAT OF FORMATION =      -849.7745958291  time =       7.4000000000
  6       -0.0063433196       1.5293962736       0.5485352679
  6       -0.6179317946      -1.6710353270       0.0939524565
  6        0.7994233027      -0.7917238261      -0.4601793195
  6       -3.5037386334      -1.5497432226       0.3416772509
  6        3.1393974185       0.6208933705      -0.1458090191
  6       -0.8873804598      -0.6538206341       0.0928251884
  1       -0.8421643223      -0.0777804403      -0.1042759536
  1       -0.3700166342       0.8028799330      -0.1656288933
  1        0.7474710726       1.0652122748       0.1245811181
  1        0.9463198123      -0.2756072381       0.0023379974
  1        0.3208731947       0.2445927152      -0.0410697165
  1        0.2740903633       0.7567361211      -0.2869463771
FINAL HEAT OF FORMATION =      -849.7745910722  time =       7.5000000000
  6        0.0913327742       1.4572504741       0.5487118582
  6       -0.5443590458      -1.7082445032       0.0861156062
  6        0.7532182993      -0.8143589563      -0.4633863879
  6       -3.4769356096      -1.5319558422       0.3424482209
  6        3.1435755572       0.5626313708      -0.1456348642
  6       -0.9251430679      -0.6233751320       0.0910874070
  1       -0.9599788318      -0.0549393062      -0.1054759122
  1       -0.3946491163       0.8716304538      -0.1558151588
  1        0.7711016936       1.1095821026       0.1266587573
  1        0.9563865306      -0.2727618413       0.0002244431
  1        0.3247468119       0.2529615626      -0.0394050059
  1        0.2607040046       0.7515796172      -0.2855289636
FINAL HEAT OF FORMATION =      -849.7745862252  time =       7.6000000000
  6        0.1872609481       1.3839416626       0.5488347048
  6       -0.4707774783      -1.7414356410       0.0787010661
  6        0.7089740315      -0.8327844512      -0.4663183937
  6       -3.4436641183      -1.5135313003       0.3428681490
  6        3.1448126778       0.5038921831      -0.1454303984
  6       -0.9605905857      -0.5906931140       0.0890536791
  1       -1.0759723390      -0.0324129614      -0.1066647775
  1       -0.4179590094       0.9372650349      -0.1464745152
  1        0.7915036611       1.1497283290       0.1285497599
  1        0.9617962788      -0.2690857022      -0.0015892172
  1        0.3286939567       0.2607654925      -0.0377179779
  1        0.2459219768       0.7443504679      -0.2838120792
FINAL HEAT OF FORMATION =      -849.7745813812  time =       7.7000000000
  6        0.2808612587       1.3096397531       0.5488975994
  6       -0.3973543796      -1.7702712922       0.0717448749
  6        0.6668804531      -0.8468079669      -0.4689911721
  6       -3.4039099299      -1.4944879112       0.3429459587
  6        3.1430898320       0.4447135789      -0.1451949183
  6       -0.9937210423      -0.5558251548       0.0867308572
  1       -1.1895522503      -0.0103302096      -0.1078361209
  1       -0.4398169322       0.9994278525      -0.1376476546
  1        0.8085019447       1.1854652626       0.1302742529
  1        0.9625352773      -0.2645656423      -0.0031132132
  1        0.3327178952       0.2679741957      -0.0360095977
  1        0.2297678734       0.7350675342      -0.2818008662
FINAL HEAT OF FORMATION =      -849.7745766320  time =       7.8000000000
  6        0.3715485164       1.2345584430       0.5488928227
  6       -0.3242920714      -1.7944405819       0.0652800916
  6        0.6271430815      -0.8562862890      -0.4714214672
  6       -3.3576812939      -1.4748005297       0.3426927515
  6        3.1383522314       0.3851173256      -0.1449274842
  6       -1.0245054680      -0.5188529331       0.0841260368
  1       -1.3001135462       0.0111785876      -0.1089826802
  1       -0.4600985359       1.0577741316      -0.1293719756
  1        0.8219398799       1.2166313816       0.1318530367
  1        0.9586173833      -0.2591936197      -0.0043600239
  1        0.3368213290       0.2745593084      -0.0342802584
  1        0.2122684939       0.7237547754      -0.2795008498
FINAL HEAT OF FORMATION =      -849.7745720570  time =       7.9000000000
  6        0.4587262783       1.1588878985       0.5488122410
  6       -0.2517646749      -1.8136399049       0.0593362355
  6        0.5899283080      -0.8610868800      -0.4736271286
  6       -3.3050179455      -1.4544622742       0.3421210630
  6        3.1305706498       0.3251310332      -0.1446272373
  6       -1.0529380035      -0.4798459683       0.0812469345
  1       -1.4070438694       0.0319830713      -0.1100962232
  1       -0.4786861696       1.1119732921      -0.1216808998
  1        0.8316813425       1.2430910061       0.1333079671
  1        0.9500838518      -0.2529665517      -0.0053435767
  1        0.3410060265       0.2804945185      -0.0325309242
  1        0.1934542060       0.7104407593      -0.2769184513
FINAL HEAT OF FORMATION =      -849.7745677901  time =       8.0000000000
  6        0.5417829678       1.0827270129       0.5486476473
  6       -0.1798549309      -1.8275527651       0.0539377076
  6        0.5553086906      -0.8610473605      -0.4756257255
  6       -3.2460017803      -1.4335479213       0.3412449017
  6        3.1198047461       0.2648111570      -0.1442942175
  6       -1.0790882365      -0.4388198240       0.0781026026
  1       -1.5097286585       0.0519547134      -0.1111675261
  1       -0.4954703361       1.1617119220      -0.1146030117
  1        0.8376127822       1.2647352283       0.1346628866
  1        0.9370030229      -0.2458860724      -0.0060791405
  1        0.3452724975       0.2857551313      -0.0307642567
  1        0.1733592352       0.6951587783      -0.2740618679
FINAL HEAT OF FORMATION =      -849.7745638732  time =       8.1000000000
  6        0.6201584286       1.0064822558       0.5483879972
  6       -0.1089291439      -1.8359905702       0.0491072942
  6        0.5235829734      -0.8562298204      -0.4774388911
  6       -3.1806943195      -1.4118327103       0.3400806126
  6        3.1058230823       0.2041070433      -0.1439244661
  6       -1.1027886080      -0.3959928261       0.0747000257
  1       -1.6075578533       0.0709660239      -0.1121870112
  1       -0.5103487064       1.2066982402      -0.1081641647
  1        0.8396429689       1.2814849777       0.1359371342
  1        0.9194690593      -0.2379605177      -0.0065838401
  1        0.3496217635       0.2903197318      -0.0289777424
  1        0.1520203550       0.6779481720      -0.2709369482
FINAL HEAT OF FORMATION =      -849.7745604031  time =       8.2000000000
  6        0.6932266823       0.9300636572       0.5480243725
  6       -0.0388805992      -1.8386211122       0.0448585249
  6        0.4946301999      -0.8464130259      -0.4790825967
  6       -3.1092593282      -1.3895574345       0.3386436171
  6        3.0888656299       0.1431325920      -0.1435201407
  6       -1.1242616624      -0.3512705842       0.0710514980
  1       -1.6999300361       0.0888962626      -0.1131432814
  1       -0.5232315559       1.2466626069      -0.1023818454
  1        0.8377067959       1.2932882809       0.1371578575
  1        0.8976021555      -0.2292007499      -0.0068754729
  1        0.3540520062       0.2941673372      -0.0271773213
  1        0.1294797121       0.6588521699      -0.2675552118
FINAL HEAT OF FORMATION =      -849.7745574934  time =       8.3000000000
  6        0.7604472883       0.8538207927       0.5475452021
  6        0.0299873086      -1.8352909485       0.0412039016
  6        0.4686629218      -0.8316889479      -0.4805781630
  6       -3.0318175384      -1.3665332101       0.3369528780
  6        3.0687519654       0.0818498798      -0.1430778944
  6       -1.1433866671      -0.3048502641       0.0671649660
  1       -1.7862618720       0.1056282108      -0.1140249619
  1       -0.5340373568       1.2813634953      -0.0972715977
  1        0.8317637008       1.3001248833       0.1383445611
  1        0.8715458886      -0.2196251041      -0.0069727366
  1        0.3585623745       0.2972804451      -0.0253615975
  1        0.1057819863       0.6379207678      -0.2639245578
FINAL HEAT OF FORMATION =      -849.7745551898  time =       8.4000000000
  6        0.8212722449       0.7778992002       0.5469376791
  6        0.0975693233      -1.8258105356       0.0381491247
  6        0.4457092464      -0.8120523729      -0.4819437462
  6       -2.9485438731      -1.3427576819       0.3350257485
  6        3.0454935862       0.0202854675      -0.1425961953
  6       -1.1602031096      -0.2568047988       0.0630522026
  1       -1.8659917047       0.1210527347      -0.1148194650
  1       -0.5426978531       1.3105878578      -0.0928414408
  1        0.8217989469       1.3020034617       0.1395199070
  1        0.8414666801      -0.2092554288      -0.0068958044
  1        0.3631505150       0.2996432535      -0.0235324171
  1        0.0809759977       0.6152088425      -0.2600555931
FINAL HEAT OF FORMATION =      -849.7745535557  time =       8.5000000000
  6        0.8751809135       0.7024148632       0.5461905239
  6        0.1637908147      -1.8100150347       0.0356944900
  6        0.4257553421      -0.7875156536      -0.4831976765
  6       -2.8596395767      -1.3182438199       0.3328820020
  6        3.0191246427      -0.0415282244      -0.1420744722
  6       -1.1747714401      -0.2071994762       0.0587245026
  1       -1.9385885679       0.1350694383      -0.1155134683
  1       -0.5491573101       1.3341545888      -0.0890944998
  1        0.8078249891       1.2989622549       0.1407052659
  1        0.8075519957      -0.1981184043      -0.0066642765
  1        0.3678129763       0.3012422862      -0.0216923846
  1        0.0551152206       0.5907771818      -0.2559600065
FINAL HEAT OF FORMATION =      -849.7745526532  time =       8.6000000000
  6        0.9216995966       0.6275524216       0.5452898044
  6        0.2285157557      -1.7878006862       0.0338352093
  6        0.4088260299      -0.7581713852      -0.4843573009
  6       -2.7653136794      -1.2929257682       0.3305407912
  6        2.9896081815      -0.1035872952      -0.1415105162
  6       -1.1870965588      -0.1561544822       0.0541936851
  1       -2.0035568460       0.1475877367      -0.1160931715
  1       -0.5533726761       1.3519163746      -0.0860279292
  1        0.7898794820       1.2910693696       0.1419204216
  1        0.7700081790      -0.1862451764      -0.0062991758
  1        0.3725460855       0.3020663224      -0.0198424150
  1        0.0282564501       0.5646925685      -0.2516494029
FINAL HEAT OF FORMATION =      -849.7745525157  time =       8.7000000000
  6        0.9603915085       0.5534427254       0.5442221056
  6        0.2916621309      -1.7590854409       0.0325609202
  6        0.3948852392      -0.7241119313      -0.4854390454
  6       -2.6658023362      -1.2667780824       0.3280218399
  6        2.9569523710      -0.1658735860      -0.1409028121
  6       -1.1972220149      -0.1037676380       0.0494724954
  1       -2.0604441970       0.1585283878      -0.1165441215
  1       -0.5553149407       1.3637615319      -0.0836332665
  1        0.7680267420       1.2784208108       0.1431840591
  1        0.7290591679      -0.1736708666      -0.0058210525
  1        0.3773451522       0.3021063040      -0.0179845365
  1        0.0004611771       0.5370277854      -0.2471365856
FINAL HEAT OF FORMATION =      -849.7745531709  time =       8.8000000000
  6        0.9908679388       0.4802020674       0.5429743180
  6        0.3531631760      -1.7238243535       0.0318559534
  6        0.3838714573      -0.6854567127      -0.4864581697
  6       -2.5613576140      -1.2397733107       0.3253452894
  6        2.9211704033      -0.2283701344      -0.1402498979
  6       -1.2051988625      -0.0501399624       0.0445740325
  1       -2.1088464148       0.1678249733      -0.1168516852
  1       -0.5549690334       1.3696148038      -0.0818966734
  1        0.7423556363       1.2611398821       0.1445133258
  1        0.6849435712      -0.1604344386      -0.0052504028
  1        0.3822046653       0.3013554888      -0.0161208229
  1       -0.0282049235       0.5078616969      -0.2424352670
FINAL HEAT OF FORMATION =      -849.7745546301  time =       8.9000000000
  6        1.0127967682       0.4079575016       0.5415315636
  6        0.4129430495      -1.6820183149       0.0316996189
  6        0.3757196110      -0.6423662660      -0.4874281023
  6       -2.4522437556      -1.2118599759       0.3225303002
  6        2.8822570073      -0.2910692452      -0.1395500187
  6       -1.2110648520       0.0046065400       0.0395124458
  1       -2.1484129487       0.1754239254      -0.1170007766
  1       -0.5523340456       1.3694390755      -0.0807985157
  1        0.7129794004       1.2393755338       0.1459234902
  1        0.6379134048      -0.1465781223      -0.0046076785
  1        0.3871184293       0.2998096145      -0.0142528165
  1       -0.0576720687       0.4772797335      -0.2375595105
FINAL HEAT OF FORMATION =      -849.7745568912  time =       9.0000000000
  6        1.0258995058       0.3367813441       0.5398810989
  6        0.4709783390      -1.6336932198       0.0320663966
  6        0.3703101115      -0.5949995217      -0.4883611773
  6       -2.3387447055      -1.1830244118       0.3195968734
  6        2.8402493308      -0.3539497326      -0.1388022213
  6       -1.2148948390       0.0603707360       0.0343023343
  1       -2.1788525497       0.1812865207      -0.1169765405
  1       -0.5474236373       1.3632351314      -0.0803145679
  1        0.6800339312       1.2133004950       0.1474281377
  1        0.5882309382      -0.1321470693      -0.0039124832
  1        0.3920793741       0.2974665116      -0.0123831181
  1       -0.0878657991       0.4453732163      -0.2325247328
FINAL HEAT OF FORMATION =      -849.7745599262  time =       9.1000000000
  6        1.0299730100       0.2668180175       0.5380073338
  6        0.5271784849      -1.5789441035       0.0329262688
  6        0.3675705145      -0.5435928543      -0.4892677259
  6       -2.2211413002      -1.1531692046       0.3165627893
  6        2.7951065347      -0.4170203614      -0.1380033643
  6       -1.2167028167       0.1169900923       0.0289581923
  1       -2.1999361908       0.1853882787      -0.1167640484
  1       -0.5402649395       1.3510421282      -0.0804147462
  1        0.6436765851       1.1831101654       0.1490384696
  1        0.5361676674      -0.1171894108      -0.0031850680
  1        0.3970803286       0.2943264714      -0.0105122455
  1       -0.1187078780       0.4122407811      -0.2273458555
FINAL HEAT OF FORMATION =      -849.7745636910  time =       9.2000000000
  6        1.0248579292       0.1980528221       0.5358995692
  6        0.5816004194      -1.5178541632       0.0342443425
  6        0.3672959492      -0.4883119571      -0.4901563653
  6       -2.0997465864      -1.1223351244       0.3134482816
  6        2.7469294688      -0.4802410505      -0.1371543021
  6       -1.2166194869       0.1743898697       0.0234963764
  1       -2.2115015526       0.1877207016      -0.1163488681
  1       -0.5308994808       1.3329368702      -0.0810658738
  1        0.6040848035       1.1490188636       0.1507641578
  1        0.4820009107      -0.1017548517      -0.0024427300
  1        0.4021123787       0.2903919152      -0.0086442256
  1       -0.1501147529       0.3779861044      -0.2220403625
FINAL HEAT OF FORMATION =      -849.7745681498  time =       9.3000000000
  6        1.0104817818       0.1305741639       0.5335439797
  6        0.6342044871      -1.4505841568       0.0359827474
  6        0.3693577852      -0.4294157350      -0.4910342621
  6       -1.9748611999      -1.0904495618       0.3102707309
  6        2.6957101573      -0.5436127761      -0.1362526385
  6       -1.2146901982       0.2324136021       0.0179326944
  1       -2.2134542523       0.1882900704      -0.1157170355
  1       -0.5193815757       1.3090327347      -0.0822297233
  1        0.5614530114       1.1112593090       0.1526123237
  1        0.4260125372      -0.0858953897      -0.0017037824
  1        0.4071669666       0.2856675196      -0.0067801802
  1       -0.1819995006       0.3427202195      -0.2166248541
FINAL HEAT OF FORMATION =      -849.7745732294  time =       9.4000000000
  6        0.9868400843       0.0644436273       0.5309281121
  6        0.6849751149      -1.3773282790       0.0380997918
  6        0.3736023890      -0.3671702942      -0.4919062393
  6       -1.8467933414      -1.0574528506       0.3070463981
  6        2.6414567316      -0.6071326304      -0.1352964096
  6       -1.2109745624       0.2909074324       0.0122838983
  1       -2.2057699982       0.1871178115      -0.1148553803
  1       -0.5057784660       1.2794789557      -0.0838644370
  1        0.5159915879       1.0700793482       0.1545879302
  1        0.3684868430      -0.0696641138      -0.0009854240
  1        0.4122344539       0.2801606129      -0.0049215934
  1       -0.2142708366       0.3065603800      -0.2111166471
FINAL HEAT OF FORMATION =      -849.7745788397  time =       9.5000000000
  6        0.9539915196      -0.0003344569       0.5280417819
  6        0.7339478012      -1.2982992619       0.0405510505
  6        0.3798297241      -0.3018288934      -0.4927756940
  6       -1.7158620258      -1.0233285117       0.3037924996
  6        2.5842243154      -0.6707813576      -0.1342852194
  6       -1.2055720537       0.3497390066       0.0065672863
  1       -2.1884945893       0.1842404738      -0.1137517363
  1       -0.4901689716       1.2444582889      -0.0859257512
  1        0.4679246044       1.0257394449       0.1566939480
  1        0.3097081869      -0.0531150073      -0.0003030169
  1        0.4173045236       0.2738804323      -0.0030709679
  1       -0.2468330347       0.2696298422      -0.2055341806
FINAL HEAT OF FORMATION =      -849.7745848823  time =       9.6000000000
  6        0.9120705604      -0.0637351611       0.5248750536
  6        0.7811374152      -1.2137546275       0.0432899609
  6        0.3878551631      -0.2336776372      -0.4936439755
  6       -1.5823803530      -0.9880273781       0.3005241425
  6        2.5240372796      -0.7345528550      -0.1332177808
  6       -1.1985596355       0.4087498651       0.0008004468
  1       -2.1617436774       0.1797086446      -0.1123950424
  1       -0.4726430705       1.2041852882      -0.0883663933
  1        0.4174872841       0.9785103281       0.1589310201
  1        0.2499593064      -0.0363027253       0.0003285541
  1        0.4223665651       0.2668385877      -0.0012300059
  1       -0.2795868375       0.2320576706      -0.1998959802
FINAL HEAT OF FORMATION =      -849.7745912554  time =       9.7000000000
  6        0.8612698865      -0.1258037035       0.5214207270
  6        0.8266223395      -1.1239623099       0.0462672443
  6        0.3974406697      -0.1629734969      -0.4945108216
  6       -1.4466728011      -0.9515602386       0.2972561957
  6        2.4609824925      -0.7984190731      -0.1320939020
  6       -1.1900651691       0.4678126597      -0.0049990208
  1       -2.1257006422       0.1735866391      -0.1107754559
  1       -0.4533007996       1.1589036599      -0.0911373950
  1        0.3649241367       0.9286703047       0.1612985641
  1        0.1895197967      -0.0192819474       0.0008965337
  1        0.4274088847       0.2590488142       0.0005986118
  1       -0.3124287944       0.1939786918      -0.1942212813
FINAL HEAT OF FORMATION =      -849.7745978528  time =       9.8000000000
  6        0.8018619759      -0.1865119703       0.5176710660
  6        0.8704105392      -1.0292468344       0.0494337664
  6        0.4084081837      -0.0900346810      -0.4953744144
  6       -1.3090471116      -0.9138571517       0.2940020769
  6        2.3950687229      -0.8623820280      -0.1309121860
  6       -1.1801547952       0.5267410863      -0.0108124638
  1       -2.0806143193       0.1659509101      -0.1088848902
  1       -0.4322508631       1.1088838037      -0.0941883129
  1        0.3104859938       0.8765036108       0.1637928204
  1        0.1286644182      -0.0021072886       0.0013880239
  1        0.4324199623       0.2505273440       0.0024136297
  1       -0.3452527069       0.1555331992      -0.1885291161
FINAL HEAT OF FORMATION =      -849.7746045493  time =       9.9000000000
  6        0.7341746118      -0.2458850341       0.5136215258
  6        0.9125573213      -0.9299433090       0.0527385451
  6        0.4205415944      -0.0151552397      -0.4962308573
  6       -1.1698154747      -0.8748936731       0.2907744392
  6        2.3263511153      -0.9264272247      -0.1296719550
  6       -1.1689326351       0.5853722849      -0.0166213461
  1       -2.0267955445       0.1568892123      -0.1067168378
  1       -0.4096097497       1.0544199041      -0.0974681558
  1        0.2544286413       0.8222972396       0.1664087004
  1        0.0676617107       0.0151671822       0.0017921502
  1        0.4373873463       0.2412922793       0.0042129511
  1       -0.3779489370       0.1168663784      -0.1828391598
FINAL HEAT OF FORMATION =      -849.7746112251  time =      10.0000000000
  6        0.6585884975      -0.3039852441       0.5092687791
  6        0.9531513605      -0.8263984128       0.0561311682
  6        0.4336007944       0.0613865083      -0.4970759218
  6       -1.0292912842      -0.8346756886       0.2875847649
  6        2.2549165983      -0.9905290970      -0.1283737134
  6       -1.1565288434       0.6435571462      -0.0224074457
  1       -1.9646125431       0.1464995045      -0.1042662281
  1       -0.3855007973       0.9958264089      -0.1009250268
  1        0.1970103014       0.7663388373       0.1691403331
  1        0.0067726300       0.0324882927       0.0020996067
  1        0.4422980788       0.2313639389       0.0059946306
  1       -0.4104047930       0.0781278056      -0.1771709468
