FINAL HEAT OF FORMATION =      -849.7746112251  time =      10.0000000000
 State =            0
 Seed  =     66144679
$COORD
  6       -7.9697067382       0.6785929594      -0.0438297083
  6       -7.1056893187       1.7565806520       0.0267781947
  6       -5.7275527843       1.5140094353       0.0366336585
  6       -5.2116430022       0.2298982723      -0.0318456070
  6       -6.1419110848      -0.8298274997       0.0123961454
  6       -7.4879254821      -0.6338723358       0.0219222423
  1       -9.0010527098       0.8821473646      -0.0658657477
  1       -7.4727949374       2.7575358897       0.1261759169
  1       -5.0010735996       2.3170295031       0.0054810568
  1       -4.1352911809       0.0275224102      -0.0754529505
  1       -5.8245504297      -1.8906788294       0.0313105619
  1       -8.1346287915      -1.5120835729       0.1260937751
$ENDCOORD
$VELOC
    -0.1825078650     5.5957989597     3.1002373584
    -4.8416098758    -4.7188373113     0.3312090152
     1.7896763027    -4.4083487348    -0.9610034969
    -8.8882455996    -4.4588372867     2.3578006831
     5.9877501332     6.7842170595    -1.4970422588
     4.0092889119     0.1334375991    -0.1762687767
   -17.6463919290    -3.4493397187    -3.2993346699
    -7.0588448030    13.8779034695   -15.1507004290
    23.7413684578     3.6409426050   -11.3337540792
     9.1373909499   -15.9673206715    11.5529520708
     0.2932981414     6.9781683135   -10.8230471344
    17.0643372216     7.8022808437    -8.8400103069
$ENDVELOC
$COEFF
$ENDCOEFF
