FINAL HEAT OF FORMATION =      -849.7746243361  time =       0.0000000000
$VELOC
     3.3718248255    -5.6032885851    -1.1970845430
     2.5106648755     2.0978837936    -1.0696411897
    -5.9135180273    -3.7505826950     1.1689299882
     7.7194332369     4.8702351843     0.6576546539
    -7.1851218597    -2.0113572464    -0.6329683366
    -1.7276579899     0.3919019235    -0.0257452789
   -17.0279163131     9.9875659543     5.3513734186
    -4.7222747942    18.9640275032    11.9601977631
    10.9539809533    17.0164104392    -9.7113209727
    25.7548696749     2.2116651957    -0.5444198126
   -16.5303708309    -2.3313274630    -3.2147489925
    16.2776787025     2.2582071550     9.3572624706
$ENDVELOC
FINAL HEAT OF FORMATION =      -849.7746378739  time =       1.0000000000
$VELOC
     4.1923252643    -5.6161501463    -0.7731155529
     2.3914142192     1.3347736127    -1.0283978043
    -6.2516203512    -4.2077129277     1.1717030201
     7.2651322478     5.0410039298     0.7226649245
    -8.1104745125    -1.1321440699    -0.6301671030
     0.4757711250     1.0965992758    -0.1619762370
   -25.5544049925    12.2759169227     4.4511726648
    -6.1481701485    22.2176658587    10.1127236846
    13.9631305931    11.8574377709   -11.5151953426
    20.0642522611    -0.2274773166     1.5283276474
   -18.3774328139    -1.0404358226    -4.7680606185
    16.5024611618    -3.2412235728     8.5901891720
$ENDVELOC
FINAL HEAT OF FORMATION =      -849.7745943450  time =       2.0000000000
$VELOC
     4.0913894510    -4.9230000633    -0.3506941378
     1.6731737589     0.9393977381    -0.8890560615
    -5.8384482720    -4.0981869029     1.1623049621
     6.6786986283     4.6713914014     0.7791732414
    -8.3917820277     0.1253641953    -0.6638626796
     2.6688075549     1.7195186987    -0.2885249910
   -23.5032679867    12.1036774298     3.7049849680
    -4.8634965195    18.1369217992     7.0658719642
    12.6602372089     1.5282090501   -13.4635630889
     9.9358158108    -2.0449367530     3.9799506166
   -19.1406756157    -0.6947354056    -6.1214385950
    14.3196177527   -10.2257362645     7.8448673884
$ENDVELOC
FINAL HEAT OF FORMATION =      -849.7745526651  time =       3.0000000000
$VELOC
     3.1990311615    -3.5975930475     0.0719905316
     0.4501013520     0.8153709958    -0.6715015294
    -4.8143981140    -3.6324089077     1.1112354994
     5.8157783116     3.8530327805     0.8487654020
    -8.0211943836     1.6369034707    -0.7300010947
     4.5890914985     2.0953568891    -0.3852595147
   -12.7867716438     9.6360462677     3.0308473055
    -1.5751541703     8.5991975974     3.0725495184
     8.6077473806   -11.2593285499   -15.1582885675
    -1.7271632083    -3.4508413056     6.4731036371
   -18.8187720389    -1.1987061691    -7.2628616086
    11.6657932599   -16.3871912951     6.8992006620
$ENDVELOC
FINAL HEAT OF FORMATION =      -849.7745529539  time =       4.0000000000
$VELOC
     1.8187586143    -1.8106820063     0.4972218756
    -1.0886930028     0.7706686824    -0.4132874339
    -3.4019497338    -3.0653651763     0.9948189810
     4.5244757264     2.7102287798     0.9529925230
    -7.0201713967     3.2375637228    -0.8207216345
     6.0121667960     2.1067029781    -0.4332476419
     2.5672070616     5.5944712306     2.3535230152
     2.4989364137    -3.2427837041    -1.3720469795
     3.8245173998   -23.3579478416   -16.2844696749
   -11.7528883276    -4.7628731174     8.6683388463
   -17.5679763145    -2.0766360485    -8.2148223314
    10.2858692694   -19.5870745715     5.5076015488
$ENDVELOC
FINAL HEAT OF FORMATION =      -849.7745889842  time =       5.0000000000
$VELOC
     0.3075484636     0.2046543038     0.9264270319
    -2.6985055007     0.5873806192    -0.1577070202
    -1.8718150890    -2.6463406832     0.8001390667
     2.6902763614     1.3794263384     1.1080049478
    -5.4439027046     4.7495557743    -0.9270413857
     6.8162967581     1.7531058582    -0.4263333305
    17.9522060886     0.9554638406     1.6256752179
     5.9910539146   -13.8496484100    -5.6852547600
     0.4386253589   -31.7215635929   -16.6733502567
   -17.3152433084    -6.3334029146    10.2990016975
   -15.6246543886    -2.6595699775    -9.0114002498
    10.9614339879   -18.7909710776     3.5488982489
$ENDVELOC
FINAL HEAT OF FORMATION =      -849.7746223111  time =       6.0000000000
$VELOC
    -0.9661655586     2.1823746034     1.3601881029
    -4.1172975468     0.0676164966     0.0546528477
    -0.4986826734    -2.5729790412     0.5280000249
     0.3019074756    -0.0106327364     1.3185309657
    -3.3905073429     6.0128764466    -1.0413367391
     6.9968765884     1.1553201910    -0.3747023012
    28.7202341726    -3.2039151572     0.8194999436
     7.6280473936   -19.8547776978    -9.3167341906
     0.3205493576   -33.9190900189   -16.3291883682
   -16.7453658322    -8.4185647535    11.2478187424
   -13.2030530801    -2.3629895130    -9.6748253782
    13.3844292402   -14.3307547159     1.0891357792
$ENDVELOC
FINAL HEAT OF FORMATION =      -849.7746125771  time =       7.0000000000
$VELOC
    -1.6634684107     3.8585078029     1.7981802984
    -5.1144977152    -0.9038491060     0.1963693103
     0.5145937375    -2.9192792000     0.1939707892
    -2.4687728232    -1.3560918590     1.5731835353
    -1.0079471319     6.9073234141    -1.1584910918
     6.6436684297     0.5065381089    -0.3000199640
    30.6647392574    -5.8590377235    -0.0851058771
     6.5534102797   -18.8341798576   -11.8963101773
     4.3822042838   -29.0070129566   -15.4241266986
   -10.4926836235   -10.9861519645    11.6023490396
   -10.4206886578    -0.9257359884   -10.2048151588
    16.5041660887    -7.5726960819    -1.6556407775
$ENDVELOC
FINAL HEAT OF FORMATION =      -849.7745677901  time =       8.0000000000
$VELOC
    -1.5961352705     5.0251629298     2.2387772350
    -5.5517378516    -2.2624082824     0.2669764281
     1.1262823793    -3.5591755518    -0.1773370556
    -5.2398456570    -2.5845287934     1.8470826029
     1.5072758424     7.3576506456    -1.2753755413
     5.9083791030     0.0134012554    -0.2278567524
    21.4778857898    -6.4021491958    -1.1022948995
     2.7996678377   -10.5516419128   -13.4189419395
    11.6906119287   -18.4733032319   -14.2096461397
    -1.4545901182   -13.5840673458    11.6167164531
    -7.2843969787     1.4918895382   -10.5841073025
    18.9625025905    -0.4058454157    -4.3983241090
$ENDVELOC
FINAL HEAT OF FORMATION =      -849.7745568912  time =       9.0000000000
$VELOC
    -0.9181554966     5.5914598106     2.6770094796
    -5.4251865550    -3.6946267383     0.2976601879
     1.4784875136    -4.1754733240    -0.5651657207
    -7.5185838511    -3.6407578885     2.1138154935
     3.9218551795     7.3234601662    -1.3893610013
     4.9722892720    -0.1481271117    -0.1813738696
     3.0841130220    -5.1598108376    -2.2121128914
    -2.4075376058     2.0846733067   -14.3061869169
    19.3233439105    -6.1378133205   -12.8508952290
     6.1891171055   -15.4656251783    11.5578932938
    -3.7326998572     4.3667561357   -10.7930126660
    19.4535729090     5.2267856380    -6.8591788540
$ENDVELOC
FINAL HEAT OF FORMATION =      -849.7746112251  time =      10.0000000000
$VELOC
    -0.1825078650     5.5957989597     3.1002373584
    -4.8416098758    -4.7188373113     0.3312090152
     1.7896763027    -4.4083487348    -0.9610034969
    -8.8882455996    -4.4588372867     2.3578006831
     5.9877501332     6.7842170595    -1.4970422588
     4.0092889119     0.1334375991    -0.1762687767
   -17.6463919290    -3.4493397187    -3.2993346699
    -7.0588448030    13.8779034695   -15.1507004290
    23.7413684578     3.6409426050   -11.3337540792
     9.1373909499   -15.9673206715    11.5529520708
     0.2932981414     6.9781683135   -10.8230471344
    17.0643372216     7.8022808437    -8.8400103069
$ENDVELOC
