##     time(fs)           T                  T-T0               U                  U-U0               E                  E-E0
       0.0000000000       0.2983836093       0.0000000000    -850.1427976389       0.0000000000    -849.8444140296       0.0000000000
       0.1000000000       0.3146472876       0.0162636783    -850.1490036174      -0.0062059784    -849.8343563297       0.0100576999
       0.2000000000       0.3403602233       0.0419766140    -850.1548054484      -0.0120078094    -849.8144452251       0.0299688045
       0.3000000000       0.3580207306       0.0596371212    -850.1599276458      -0.0171300069    -849.8019069152       0.0425071144
       0.4000000000       0.3589043920       0.0605207826    -850.1641875359      -0.0213898969    -849.8052831439       0.0391308857
       0.5000000000       0.3610469941       0.0626633848    -850.1673097857      -0.0245121468    -849.8062627916       0.0381512380
       0.6000000000       0.3502554105       0.0518718012    -850.1694908400      -0.0266932011    -849.8192354294       0.0251786002
       0.7000000000       0.3477961488       0.0494125395    -850.1709211403      -0.0281235014    -849.8231249915       0.0212890381
       0.8000000000       0.3370105320       0.0386269227    -850.1714409871      -0.0286433482    -849.8344304551       0.0099835745
       0.9000000000       0.3340137518       0.0356301425    -850.1712485744      -0.0284509354    -849.8372348225       0.0071792071
       1.0000000000       0.3197809710       0.0213973616    -850.1703340018      -0.0275363629    -849.8505530309      -0.0061390013
       1.1000000000       0.3307742499       0.0323906406    -850.1686443800      -0.0258467411    -849.8378701301       0.0065438995
       1.2000000000       0.3379602017       0.0395765923    -850.1660936430      -0.0232960041    -849.8281334413       0.0162805882
       1.3000000000       0.3308789863       0.0324953769    -850.1627207463      -0.0199231074    -849.8318417600       0.0125722696
       1.4000000000       0.3125572648       0.0141736554    -850.1588554317      -0.0160577927    -849.8462981669      -0.0018841373
       1.5000000000       0.3135478791       0.0151642698    -850.1543454202      -0.0115477813    -849.8407975411       0.0036164885
       1.6000000000       0.3130800366       0.0146964273    -850.1490197247      -0.0062220858    -849.8359396881       0.0084743415
       1.7000000000       0.3080732054       0.0096895961    -850.1430987699      -0.0003011310    -849.8350255645       0.0093884650
       1.8000000000       0.3021547843       0.0037711749    -850.1366749972       0.0061226417    -849.8345202129       0.0098938167
       1.9000000000       0.3005189283       0.0021353189    -850.1298510409       0.0129465980    -849.8293321126       0.0150819170
       2.0000000000       0.2918243721      -0.0065592373    -850.1226122542       0.0201853848    -849.8307878821       0.0136261475
       2.1000000000       0.2825765216      -0.0158070878    -850.1152521124       0.0275455265    -849.8326755909       0.0117384387
       2.2000000000       0.2742849523      -0.0240986570    -850.1074434134       0.0353542255    -849.8331584611       0.0112555685
       2.3000000000       0.2745258665      -0.0238577429    -850.0993143100       0.0434833290    -849.8247884435       0.0196255861
       2.4000000000       0.2538267942      -0.0445568151    -850.0909858299       0.0518118090    -849.8371590357       0.0072549939
       2.5000000000       0.2536543856      -0.0447292237    -850.0831257715       0.0596718674    -849.8294713859       0.0149426437
       2.6000000000       0.2509400925      -0.0474435168    -850.0749885624       0.0678090765    -849.8240484699       0.0203655597
       2.7000000000       0.2579918135      -0.0403917959    -850.0670613855       0.0757362534    -849.8090695721       0.0353444575
       2.8000000000       0.2446559514      -0.0537276579    -850.0594360515       0.0833615874    -849.8147801001       0.0296339295
       2.9000000000       0.2309930933      -0.0673905160    -850.0521121260       0.0906855130    -849.8211190326       0.0232949970
       3.0000000000       0.2354321626      -0.0629514467    -850.0450615759       0.0977360630    -849.8096294133       0.0347846162
       3.1000000000       0.2242572603      -0.0741263490    -850.0385929343       0.1042047047    -849.8143356739       0.0300783556
       3.2000000000       0.2162744291      -0.0821091803    -850.0327549169       0.1100427220    -849.8164804878       0.0279335418
       3.3000000000       0.2152382901      -0.0831453192    -850.0270536021       0.1157440368    -849.8118153120       0.0325987176
       3.4000000000       0.2078442990      -0.0905393103    -850.0218065789       0.1209910601    -849.8139622798       0.0304517498
       3.5000000000       0.2018102926      -0.0965733167    -850.0175708416       0.1252267974    -849.8157605490       0.0286534806
       3.6000000000       0.1910110139      -0.1073725955    -850.0145889113       0.1282087276    -849.8235778975       0.0208361321
       3.7000000000       0.1809888751      -0.1173947342    -850.0133752597       0.1294223792    -849.8323863846       0.0120276450
       3.8000000000       0.1863341260      -0.1120494833    -850.0134400411       0.1293575979    -849.8271059150       0.0173081146
       3.9000000000       0.1884329434      -0.1099506659    -850.0142301596       0.1285674794    -849.8257972162       0.0186168134
       4.0000000000       0.1914934555      -0.1068901538    -850.0158470954       0.1269505436    -849.8243536398       0.0200603898
       4.1000000000       0.1900294714      -0.1083541379    -850.0186516807       0.1241459583    -849.8286222093       0.0157918203
       4.2000000000       0.1871846481      -0.1111989612    -850.0221967190       0.1206009199    -849.8350120709       0.0094019587
       4.3000000000       0.1992701284      -0.0991134810    -850.0266507785       0.1161468604    -849.8273806501       0.0170333795
       4.4000000000       0.2150569130      -0.0833266963    -850.0319856416       0.1108119974    -849.8169287286       0.0274853010
       4.5000000000       0.2283163619      -0.0700672474    -850.0378932989       0.1049043401    -849.8095769370       0.0348370926
       4.6000000000       0.2370030124      -0.0613805970    -850.0440167360       0.0987809029    -849.8070137237       0.0374003059
       4.7000000000       0.2521511394      -0.0462324699    -850.0510008696       0.0917967693    -849.7988497301       0.0455642994
       4.8000000000       0.2664305260      -0.0319530833    -850.0588818652       0.0839157738    -849.7924513392       0.0519626904
       4.9000000000       0.2809303363      -0.0174532730    -850.0674891059       0.0753085330    -849.7865587696       0.0578552600
       5.0000000000       0.2799667228      -0.0184168866    -850.0766177614       0.0661798776    -849.7966510386       0.0477629910
       5.1000000000       0.2786608380      -0.0197227713    -850.0854679519       0.0573296871    -849.8068071138       0.0376069158
       5.2000000000       0.2987465290       0.0003629196    -850.0944686611       0.0483289778    -849.7957221322       0.0486918974
       5.3000000000       0.3030065865       0.0046229771    -850.1035143875       0.0392832514    -849.8005078010       0.0439062285
       5.4000000000       0.3219301144       0.0235465050    -850.1124246803       0.0303729586    -849.7904945660       0.0539194636
       5.5000000000       0.3148519289       0.0164683196    -850.1209401721       0.0218574668    -849.8060882432       0.0383257864
       5.6000000000       0.3175544031       0.0191707938    -850.1294299259       0.0133677131    -849.8118755227       0.0325385069
       5.7000000000       0.3295367135       0.0311531042    -850.1378438380       0.0049538009    -849.8083071245       0.0361069051
       5.8000000000       0.3436646287       0.0452810194    -850.1454660966      -0.0026684577    -849.8018014679       0.0426125617
       5.9000000000       0.3596348407       0.0612512314    -850.1527524034      -0.0099547645    -849.7931175627       0.0512964669
       6.0000000000       0.3585293325       0.0601457231    -850.1594500336      -0.0166523946    -849.8009207011       0.0434933285
       6.1000000000       0.3579669833       0.0595833740    -850.1650896687      -0.0222920298    -849.8071226854       0.0372913442
       6.2000000000       0.3578733639       0.0594897546    -850.1696018378      -0.0268041988    -849.8117284739       0.0326855557
       6.3000000000       0.3702303501       0.0718467408    -850.1732421236      -0.0304444847    -849.8030117735       0.0414022561
       6.4000000000       0.3730792943       0.0746956850    -850.1757188692      -0.0329212303    -849.8026395749       0.0417744546
       6.5000000000       0.3809479643       0.0825643549    -850.1778122031      -0.0350145642    -849.7968642388       0.0475497908
       6.6000000000       0.3730962611       0.0747126518    -850.1786827559      -0.0358851170    -849.8055864948       0.0388275348
       6.7000000000       0.3757237461       0.0773401367    -850.1786080479      -0.0358104089    -849.8028843018       0.0415297278
       6.8000000000       0.3616322488       0.0632486395    -850.1777272497      -0.0349296108    -849.8160950009       0.0283190287
       6.9000000000       0.3756668912       0.0772832818    -850.1757274239      -0.0329297850    -849.8000605327       0.0443534969
       7.0000000000       0.3784679039       0.0800842946    -850.1728125534      -0.0300149145    -849.7943446495       0.0500693801
       7.1000000000       0.3628988971       0.0645152877    -850.1692196011      -0.0264219622    -849.8063207040       0.0380933256
       7.2000000000       0.3556936385       0.0573100292    -850.1648195281      -0.0220218892    -849.8091258896       0.0352881400
       7.3000000000       0.3603180055       0.0619343961    -850.1596975053      -0.0168998663    -849.7993794998       0.0450345298
       7.4000000000       0.3589874192       0.0606038099    -850.1539679099      -0.0111702710    -849.7949804907       0.0494335389
       7.5000000000       0.3486899485       0.0503063392    -850.1478052045      -0.0050075656    -849.7991152559       0.0452987736
       7.6000000000       0.3384500387       0.0400664294    -850.1413884761       0.0014091628    -849.8029384374       0.0414755922
       7.7000000000       0.3415418145       0.0431582051    -850.1349637577       0.0078338812    -849.7934219433       0.0509920863
       7.8000000000       0.3414730677       0.0430894584    -850.1285239971       0.0142736418    -849.7870509294       0.0573631002
       7.9000000000       0.3385346026       0.0401509933    -850.1220430250       0.0207546140    -849.7835084223       0.0609056072
       8.0000000000       0.3363211473       0.0379375380    -850.1158921609       0.0269054781    -849.7795710136       0.0648430160
       8.1000000000       0.3194820241       0.0210984147    -850.1106445972       0.0321530417    -849.7911625732       0.0532514564
       8.2000000000       0.2961854515      -0.0021981578    -850.1061800750       0.0366175639    -849.8099946235       0.0344194061
       8.3000000000       0.3023716900       0.0039880806    -850.1023011356       0.0404965034    -849.7999294456       0.0444845840
       8.4000000000       0.3038146533       0.0054310440    -850.0992135839       0.0435840550    -849.7953989306       0.0490150990
       8.5000000000       0.2963680691      -0.0020155403    -850.0971399869       0.0456576520    -849.8007719178       0.0436421117
       8.6000000000       0.2885589757      -0.0098246337    -850.0962458312       0.0465518077    -849.8076868555       0.0367271741
       8.7000000000       0.2896472543      -0.0087363551    -850.0965435078       0.0462541312    -849.8068962535       0.0375177761
       8.8000000000       0.2871958853      -0.0111877240    -850.0982530019       0.0445446370    -849.8110571166       0.0333569130
       8.9000000000       0.2923734329      -0.0060101764    -850.1010084203       0.0417892186    -849.8086349873       0.0357790423
       9.0000000000       0.3078928152       0.0095092059    -850.1047367048       0.0380609341    -849.7968438896       0.0475701400
       9.1000000000       0.3026872296       0.0043036202    -850.1094368538       0.0333607851    -849.8067496242       0.0376644054
       9.2000000000       0.3015815687       0.0031979594    -850.1148460496       0.0279515893    -849.8132644808       0.0311495488
       9.3000000000       0.3184833853       0.0200997759    -850.1213181204       0.0214795185    -849.8028347351       0.0415792945
       9.4000000000       0.3339736454       0.0355900361    -850.1284987271       0.0142989118    -849.7945250817       0.0498889479
       9.5000000000       0.3382655892       0.0398819799    -850.1361813677       0.0066162712    -849.7979157785       0.0464982511
       9.6000000000       0.3409137107       0.0425301014    -850.1442680613      -0.0014704223    -849.8033543505       0.0410596791
       9.7000000000       0.3554041714       0.0570205620    -850.1531676484      -0.0103700094    -849.7977634770       0.0466505526
       9.8000000000       0.3653740073       0.0669903979    -850.1621194231      -0.0193217842    -849.7967454158       0.0476686138
       9.9000000000       0.3608373403       0.0624537310    -850.1708786739      -0.0280810350    -849.8100413336       0.0343726960
      10.0000000000       0.3693167514       0.0709331421    -850.1791622197      -0.0363645807    -849.8098454682       0.0345685614
