FINAL HEAT OF FORMATION =      -849.8098454682  time =      10.0000000000
 State =            0
 Seed  =     66144679
$COORD
  6       -7.9802416054       0.6856127755      -0.0310768906
  6       -7.1080922737       1.7541634193       0.0194470364
  6       -5.7258886050       1.5131505172       0.0277180914
  6       -5.2042630232       0.2230134979      -0.0202205961
  6       -6.1391948323      -0.8310580892       0.0141564112
  6       -7.4874450673      -0.6279638589       0.0070671240
  1       -9.0116443397       0.8856926751       0.0383629503
  1       -7.5185676443       2.7508245734       0.0915371619
  1       -4.9799392557       2.2966365681       0.0372627818
  1       -4.1251266192       0.0543999683      -0.1019223700
  1       -5.7979405045      -1.9034639176       0.0759866634
  1       -8.1312396568      -1.5249095792       0.0663022927
$ENDCOORD
$VELOC
     0.7945799595     2.3144029298     3.9978825856
    -4.2635162122    -4.6452782131    -0.1482339978
     0.8315084023    -4.2476328059    -1.9125251824
    -7.3509026880    -5.5116498642     3.4145565658
     1.6343946505     6.8417287907    -1.8981115743
     6.8493381636     3.7699272679    -1.6624976008
   -27.6088831620     0.1278013834    10.4200831040
    -8.6647532023     4.1873477267   -19.1664661027
    21.6529484566     9.5761720978    -4.8675450760
     2.0704417493   -20.4413864117     6.8599149540
     5.6207012782     9.7174858848    -0.3063775512
    25.0012681455    14.5908655761   -14.4521606585
$ENDVELOC
$COEFF
$ENDCOEFF
