FINAL HEAT OF FORMATION =      -849.8444140296  time =       0.0000000000
$VELOC
     3.3718248255    -5.6032885851    -1.1970845430
     2.5106648755     2.0978837936    -1.0696411897
    -5.9135180273    -3.7505826950     1.1689299882
     7.7194332369     4.8702351843     0.6576546539
    -7.1851218597    -2.0113572464    -0.6329683366
    -1.7276579899     0.3919019235    -0.0257452789
   -17.0279163131     9.9875659543     5.3513734186
    -4.7222747942    18.9640275032    11.9601977631
    10.9539809533    17.0164104392    -9.7113209727
    25.7548696749     2.2116651957    -0.5444198126
   -16.5303708309    -2.3313274630    -3.2147489925
    16.2776787025     2.2582071550     9.3572624706
$ENDVELOC
FINAL HEAT OF FORMATION =      -849.8505530309  time =       1.0000000000
$VELOC
     4.2837196138    -5.1310952674    -0.6588240138
     0.9177982588     2.1569746779    -1.1076236385
    -5.2889622426    -5.3017367108     2.3956454580
     7.5261119721     5.4947238124    -0.6773562208
    -7.2098480508    -0.5464017458     0.5274061462
     0.4827469279    -0.1111722608    -0.4636729552
   -29.7232094397    17.1270733726     6.0735482286
    -7.9658501471    20.7087628098     7.3982520814
    15.3018802675     6.7386658539   -14.4820665142
    18.2232524184    -0.8578982809    -0.0395219205
   -18.1637988042    -1.2329342930    -2.2550734650
    13.7811007230    -1.1813537448     3.1177929564
$ENDVELOC
FINAL HEAT OF FORMATION =      -849.8307878821  time =       2.0000000000
$VELOC
     3.7758328781    -4.2072839171     0.6927916320
     0.2640506832     1.8668221265    -0.6796704178
    -5.4187587156    -5.8772796472     1.2765667210
     6.6269603168     5.7637103015     0.8524813772
    -5.4108824924     0.1700809123    -0.1865025606
     1.6166812200     0.6459348877    -1.1309342045
   -29.7178529968    16.3122447861     6.9789079483
    -5.0397623153    18.7100438508    -0.1780464489
    18.0770318337    -5.2963017595   -15.2723458219
    10.3686600027    -3.5054682250     0.4569543693
   -23.3163246788     2.6197459124    -1.6807114987
    12.1656487496    -9.1660623595    -0.2106211732
$ENDVELOC
FINAL HEAT OF FORMATION =      -849.8096294133  time =       3.0000000000
$VELOC
     2.5433038503    -2.9235072749     1.4484837477
     0.0512114880     1.4623662580    -1.5220384335
    -5.7317158256    -5.7603974281     0.3741436607
     5.7977002814     4.7077363534     1.9057758552
    -5.0677269634     1.0254962119    -0.8221556972
     3.3478227588     1.6396284798    -1.3767559353
   -16.1946196590    14.4884671880     8.1956676758
    -2.1531547760    11.5374076053     5.0330253732
    15.7344905391   -13.6432310139   -15.3152461819
     3.6127885964    -1.4690872231     3.1356459108
   -21.7567512187     4.0151015634     0.1332501985
     9.4597528925   -16.7461938687    -1.2718633346
$ENDVELOC
FINAL HEAT OF FORMATION =      -849.8243536398  time =       4.0000000000
$VELOC
     0.2082381234     0.6428038738     1.1601672814
    -0.9358792382    -0.1045142216    -1.0791231463
    -3.6156284274    -2.5803175979     0.1993288251
     4.3565017759     2.4856805626     2.0018029130
    -5.2700441976     1.9504572243     0.0810644421
     5.7000768679     1.1404352045    -1.6156771158
     2.9331198400     5.5311405134    12.6939874845
    -0.2002680704     1.2909422261    -2.7072588132
    10.3594310238   -24.8235935743   -13.0425720292
    -7.8897395776    -0.8725743424     1.8589166044
   -18.8313904788     1.2731804229    -4.8913611620
     8.3047925002   -24.8525157896    -2.8906936736
$ENDVELOC
FINAL HEAT OF FORMATION =      -849.7966510386  time =       5.0000000000
$VELOC
    -1.9499779511     2.7793076221     2.2557720856
    -2.5410805419    -0.0922960225    -0.6986763730
    -1.8815398695    -1.4124458951    -0.8637704975
     3.0094108335    -0.0738340339     3.0307979445
    -5.5862770673     4.2223181625    -1.3341044450
     7.1861128760     0.9640624502    -1.8546655346
    25.5824710111    -1.4242637181    13.9953631054
     0.0131088961   -11.2863771528   -11.4841413211
     6.6322520898   -33.9990489983    -9.6773653955
   -12.2231247902    -1.6818470919     6.3765458618
   -10.5066952501    -2.3356822538    -2.9606495614
    11.6816055557   -25.9883864207    -2.6798797346
$ENDVELOC
FINAL HEAT OF FORMATION =      -849.8009207011  time =       6.0000000000
$VELOC
    -3.3788067291     4.8139476533     2.3026296583
    -4.1562324561    -0.6838308107    -0.1268561604
    -0.2098216333    -1.2594926848    -2.0468022144
     1.5663388746    -2.1210585499     3.8918027823
    -3.3146592225     5.0213350129    -1.1881557468
     6.3857681015     1.8362384890    -2.0384934018
    39.5354851620    -7.2425761599    16.8476563685
    -2.0943741523   -19.8753693178   -14.0572343654
    -0.0610424314   -34.9116415317    -8.7662735258
   -12.3075410969     0.1716178054     6.6703061234
    -5.9294910183   -11.8767788905    -4.5253562236
    18.1801018589   -17.6345997530    -5.7073327566
$ENDVELOC
FINAL HEAT OF FORMATION =      -849.7943446495  time =       7.0000000000
$VELOC
    -3.6457578856     5.6585417314     3.3401629666
    -5.3436355639    -1.5427715346    -1.4259956473
     0.9634706068    -1.8601261368    -1.5491792735
    -1.0229560341    -3.3742155658     3.7738666882
    -1.6067094108     7.0462199242    -1.2849371269
     6.7432013246     1.3661566492    -1.8152210023
    38.0592398329    -7.9790648435    18.3807640202
    -4.1242250465   -21.1076853899   -17.1596576495
     5.2309527701   -31.8745459299    -5.6929065415
    -5.3623663664    -2.7889590125     8.9372867759
    -4.7518142152   -12.1239579724    -8.7123529059
    17.9398928371   -11.7316795199    -8.2289186191
$ENDVELOC
FINAL HEAT OF FORMATION =      -849.7795710136  time =       8.0000000000
$VELOC
    -2.5309742238     5.4971392820     4.8524843952
    -5.6268671471    -3.2041222602    -1.0479624850
     0.9852831371    -3.0573525934    -1.4441100212
    -3.6555047178    -5.2328621314     3.3659104942
     0.7384027118     7.7464249011    -0.3255833854
     7.1066537379     4.0039937843    -3.6816692097
    18.3550132546   -10.6115414461    14.0946193168
    -5.7799357411   -17.8579707008   -19.5887467628
     7.9702462289   -24.3108588243    -8.9072850754
    -5.8725845291    -7.1615779954     8.5262627256
     2.7366454734    -6.6114751609    -6.1944492914
    18.4195064074    -2.5485130927    -8.5781481378
$ENDVELOC
FINAL HEAT OF FORMATION =      -849.7968438896  time =       9.0000000000
$VELOC
    -1.1242389184     3.9881934023     4.9197291209
    -5.4622124595    -4.6286535445    -1.5906932286
     1.2765645104    -4.7394078180    -1.5644444880
    -5.5756778255    -5.2009507484     3.7861525194
     1.9728541877     7.8909645606    -1.6615051491
     6.8144731200     4.1298145510    -2.6664264558
    -4.0133180998    -7.4588659496    14.0895591341
    -6.8568598504    -1.2283968769   -15.6021946291
    15.2704858506    -5.8502376454    -9.1012513435
    -2.3390151613   -14.2203566988    11.6292266908
     2.0688755860     3.2168296011    -4.1065960372
    21.0717609109     8.2456631707   -11.5959425764
$ENDVELOC
FINAL HEAT OF FORMATION =      -849.8098454682  time =      10.0000000000
$VELOC
     0.7945799595     2.3144029298     3.9978825856
    -4.2635162122    -4.6452782131    -0.1482339978
     0.8315084023    -4.2476328059    -1.9125251824
    -7.3509026880    -5.5116498642     3.4145565658
     1.6343946505     6.8417287907    -1.8981115743
     6.8493381636     3.7699272679    -1.6624976008
   -27.6088831620     0.1278013834    10.4200831040
    -8.6647532023     4.1873477267   -19.1664661027
    21.6529484566     9.5761720978    -4.8675450760
     2.0704417493   -20.4413864117     6.8599149540
     5.6207012782     9.7174858848    -0.3063775512
    25.0012681455    14.5908655761   -14.4521606585
$ENDVELOC
